./.kscope/cscope.files:/home/cmaier/C/mrsystem/client_cc/cc_client.c
./.kscope/cscope.files:/home/cmaier/C/mrsystem/client_cc/cc_client.h
./.kscope/cscope.files:/home/cmaier/C/mrsystem/client_cc/main.c
./.kscope/cscope.files:/home/cmaier/C/mrsystem/client_cceth/cc_eth.c
./.kscope/cscope.files:/home/cmaier/C/mrsystem/client_cceth/cc_eth.h
./.kscope/cscope.files:/home/cmaier/C/mrsystem/client_cceth/main.c
./.kscope/cscope.files:/home/cmaier/C/mrsystem/client_cs2eth/can_eth.c
./.kscope/cscope.files:/home/cmaier/C/mrsystem/client_cs2eth/can_eth.h
./.kscope/cscope.files:/home/cmaier/C/mrsystem/client_cs2eth/cs2eth.c
./.kscope/cscope.files:/home/cmaier/C/mrsystem/client_cs2eth/cs2eth.h
./.kscope/cscope.files:/home/cmaier/C/mrsystem/client_cs2eth/main.c
./.kscope/cscope.files:/home/cmaier/C/mrsystem/client_cs2sl/can_sleth.c
./.kscope/cscope.files:/home/cmaier/C/mrsystem/client_cs2sl/can_sleth.h
./.kscope/cscope.files:/home/cmaier/C/mrsystem/client_cs2sl/cs2sl.c
./.kscope/cscope.files:/home/cmaier/C/mrsystem/client_cs2sl/cs2sl.h
./.kscope/cscope.files:/home/cmaier/C/mrsystem/client_cs2sl/main.c
./.kscope/cscope.files:/home/cmaier/C/mrsystem/client_gpios88/a20.c
./.kscope/cscope.files:/home/cmaier/C/mrsystem/client_gpios88/a20.h
./.kscope/cscope.files:/home/cmaier/C/mrsystem/client_gpios88/s88udp-bpi.c
./.kscope/cscope.files:/home/cmaier/C/mrsystem/client_gpios88/s88udp-bpi.h
./.kscope/cscope.files:/home/cmaier/C/mrsystem/client_inject/inject.c
./.kscope/cscope.files:/home/cmaier/C/mrsystem/client_inject/inject.h
./.kscope/cscope.files:/home/cmaier/C/mrsystem/client_inject/main.c
./.kscope/cscope.files:/home/cmaier/C/mrsystem/client_log/log.c
./.kscope/cscope.files:/home/cmaier/C/mrsystem/client_log/log.h
./.kscope/cscope.files:/home/cmaier/C/mrsystem/client_log/main.c
./.kscope/cscope.files:/home/cmaier/C/mrsystem/client_logeth/main.c
./.kscope/cscope.files:/home/cmaier/C/mrsystem/client_logms2/logms2.c
./.kscope/cscope.files:/home/cmaier/C/mrsystem/client_logms2/logms2.h
./.kscope/cscope.files:/home/cmaier/C/mrsystem/client_logms2/main.c
./.kscope/cscope.files:/home/cmaier/C/mrsystem/client_ms1/maerklin.h
./.kscope/cscope.files:/home/cmaier/C/mrsystem/client_ms1/main.c
./.kscope/cscope.files:/home/cmaier/C/mrsystem/client_ms1/ms1.c
./.kscope/cscope.files:/home/cmaier/C/mrsystem/client_ms1/ms1.h
./.kscope/cscope.files:/home/cmaier/C/mrsystem/client_ms2/can_client.c
./.kscope/cscope.files:/home/cmaier/C/mrsystem/client_ms2/can_client.h
./.kscope/cscope.files:/home/cmaier/C/mrsystem/client_ms2/main.c
./.kscope/cscope.files:/home/cmaier/C/mrsystem/client_ms2/ms2.c
./.kscope/cscope.files:/home/cmaier/C/mrsystem/client_ms2/ms2.h
./.kscope/cscope.files:/home/cmaier/C/mrsystem/client_ms24l/c4l_client.c
./.kscope/cscope.files:/home/cmaier/C/mrsystem/client_ms24l/c4l_clinet.h
./.kscope/cscope.files:/home/cmaier/C/mrsystem/client_ms24l/main.c
./.kscope/cscope.files:/home/cmaier/C/mrsystem/client_slcan/main.c
./.kscope/cscope.files:/home/cmaier/C/mrsystem/client_slcan/slcan_client.c
./.kscope/cscope.files:/home/cmaier/C/mrsystem/client_slcan/slcan_client.h
./.kscope/cscope.files:/home/cmaier/C/mrsystem/client_srcp/main.c
./.kscope/cscope.files:/home/cmaier/C/mrsystem/client_srcp/srcp.c
./.kscope/cscope.files:/home/cmaier/C/mrsystem/client_srcp/srcp.h
./.kscope/cscope.files:/home/cmaier/C/mrsystem/client_srcp/srcp_parse.c
./.kscope/cscope.files:/home/cmaier/C/mrsystem/client_srcp/srcp_parse.h
./.kscope/cscope.files:/home/cmaier/C/mrsystem/client_srcp/states.c
./.kscope/cscope.files:/home/cmaier/C/mrsystem/client_zentrale/canmember.c
./.kscope/cscope.files:/home/cmaier/C/mrsystem/client_zentrale/canmember.h
./.kscope/cscope.files:/home/cmaier/C/mrsystem/client_zentrale/cron.c
./.kscope/cscope.files:/home/cmaier/C/mrsystem/client_zentrale/cron.h
./.kscope/cscope.files:/home/cmaier/C/mrsystem/client_zentrale/cs2cfg.c
./.kscope/cscope.files:/home/cmaier/C/mrsystem/client_zentrale/cs2cfg.h
./.kscope/cscope.files:/home/cmaier/C/mrsystem/client_zentrale/fahrstrasse.c
./.kscope/cscope.files:/home/cmaier/C/mrsystem/client_zentrale/fahrstrasse.h
./.kscope/cscope.files:/home/cmaier/C/mrsystem/client_zentrale/fsstat.c
./.kscope/cscope.files:/home/cmaier/C/mrsystem/client_zentrale/fsstat.h
./.kscope/cscope.files:/home/cmaier/C/mrsystem/client_zentrale/gbsstat.c
./.kscope/cscope.files:/home/cmaier/C/mrsystem/client_zentrale/gbsstat.h
./.kscope/cscope.files:/home/cmaier/C/mrsystem/client_zentrale/gleisbild.c
./.kscope/cscope.files:/home/cmaier/C/mrsystem/client_zentrale/gleisbild.h
./.kscope/cscope.files:/home/cmaier/C/mrsystem/client_zentrale/gleisbildpage.c
./.kscope/cscope.files:/home/cmaier/C/mrsystem/client_zentrale/gleisbildpage.h
./.kscope/cscope.files:/home/cmaier/C/mrsystem/client_zentrale/lok.c
./.kscope/cscope.files:/home/cmaier/C/mrsystem/client_zentrale/lok.h
./.kscope/cscope.files:/home/cmaier/C/mrsystem/client_zentrale/lokstatus.c
./.kscope/cscope.files:/home/cmaier/C/mrsystem/client_zentrale/lokstatus.h
./.kscope/cscope.files:/home/cmaier/C/mrsystem/client_zentrale/magnetartikel.c
./.kscope/cscope.files:/home/cmaier/C/mrsystem/client_zentrale/magnetartikel.h
./.kscope/cscope.files:/home/cmaier/C/mrsystem/client_zentrale/magstat.c
./.kscope/cscope.files:/home/cmaier/C/mrsystem/client_zentrale/magstat.h
./.kscope/cscope.files:/home/cmaier/C/mrsystem/client_zentrale/main.c
./.kscope/cscope.files:/home/cmaier/C/mrsystem/client_zentrale/states.c
./.kscope/cscope.files:/home/cmaier/C/mrsystem/client_zentrale/test/magtest.c
./.kscope/cscope.files:/home/cmaier/C/mrsystem/client_zentrale/zentrale.c
./.kscope/cscope.files:/home/cmaier/C/mrsystem/client_zentrale/zentrale.h
./.kscope/cscope.files:/home/cmaier/C/mrsystem/client_zentrale/zfile.c
./.kscope/cscope.files:/home/cmaier/C/mrsystem/client_zentrale/zfile.h
./.kscope/cscope.files:/home/cmaier/C/mrsystem/drehscheibe/drehscheibe.c
./.kscope/cscope.files:/home/cmaier/C/mrsystem/drehscheibe/drehscheibe.h
./.kscope/cscope.files:/home/cmaier/C/mrsystem/drehscheibe/main.c
./.kscope/cscope.files:/home/cmaier/C/mrsystem/include/can_io.h
./.kscope/cscope.files:/home/cmaier/C/mrsystem/include/config.h
./.kscope/cscope.files:/home/cmaier/C/mrsystem/include/cs2_types.h
./.kscope/cscope.files:/home/cmaier/C/mrsystem/include/cs2parse.h
./.kscope/cscope.files:/home/cmaier/C/mrsystem/include/m_cs2ms2.h
./.kscope/cscope.files:/home/cmaier/C/mrsystem/include/mr_can.h
./.kscope/cscope.files:/home/cmaier/C/mrsystem/include/mr_ipc.h
./.kscope/cscope.files:/home/cmaier/C/mrsystem/include/write_cs2.h
./.kscope/cscope.files:/home/cmaier/C/mrsystem/libs/config/cfg_cmdline.c
./.kscope/cscope.files:/home/cmaier/C/mrsystem/libs/config/cfg_create.c
./.kscope/cscope.files:/home/cmaier/C/mrsystem/libs/config/cfg_destroy.c
./.kscope/cscope.files:/home/cmaier/C/mrsystem/libs/config/cfg_exit.c
./.kscope/cscope.files:/home/cmaier/C/mrsystem/libs/config/cfg_gint.c
./.kscope/cscope.files:/home/cmaier/C/mrsystem/libs/config/cfg_gstr.c
./.kscope/cscope.files:/home/cmaier/C/mrsystem/libs/config/cfg_init.c
./.kscope/cscope.files:/home/cmaier/C/mrsystem/libs/config/cfg_intern.h
./.kscope/cscope.files:/home/cmaier/C/mrsystem/libs/config/cfg_read.c
./.kscope/cscope.files:/home/cmaier/C/mrsystem/libs/config/cfg_sint.c
./.kscope/cscope.files:/home/cmaier/C/mrsystem/libs/config/cfg_sstr.c
./.kscope/cscope.files:/home/cmaier/C/mrsystem/libs/config/config.h
./.kscope/cscope.files:/home/cmaier/C/mrsystem/libs/cs2_parse/cs2_types.h
./.kscope/cscope.files:/home/cmaier/C/mrsystem/libs/cs2_parse/cs2p_create.c
./.kscope/cscope.files:/home/cmaier/C/mrsystem/libs/cs2_parse/cs2p_destroy.c
./.kscope/cscope.files:/home/cmaier/C/mrsystem/libs/cs2_parse/cs2p_init.c
./.kscope/cscope.files:/home/cmaier/C/mrsystem/libs/cs2_parse/cs2p_parse.c
./.kscope/cscope.files:/home/cmaier/C/mrsystem/libs/cs2_parse/cs2parse.h
./.kscope/cscope.files:/home/cmaier/C/mrsystem/libs/cs2_parse/cs2ptoken.h
./.kscope/cscope.files:/home/cmaier/C/mrsystem/libs/cs2_parse/write_cs2.c
./.kscope/cscope.files:/home/cmaier/C/mrsystem/libs/cs2_parse/write_cs2.h
./.kscope/cscope.files:/home/cmaier/C/mrsystem/libs/io_fkts/io.h
./.kscope/cscope.files:/home/cmaier/C/mrsystem/libs/mr_can/accept_tcp.c
./.kscope/cscope.files:/home/cmaier/C/mrsystem/libs/mr_can/calc_hash.c
./.kscope/cscope.files:/home/cmaier/C/mrsystem/libs/mr_can/calc_hash_fnr.c
./.kscope/cscope.files:/home/cmaier/C/mrsystem/libs/mr_can/cand0000.c
./.kscope/cscope.files:/home/cmaier/C/mrsystem/libs/mr_can/cand0001.c
./.kscope/cscope.files:/home/cmaier/C/mrsystem/libs/mr_can/cand0002.c
./.kscope/cscope.files:/home/cmaier/C/mrsystem/libs/mr_can/cand0003.c
./.kscope/cscope.files:/home/cmaier/C/mrsystem/libs/mr_can/cand0004.c
./.kscope/cscope.files:/home/cmaier/C/mrsystem/libs/mr_can/cand0005.c
./.kscope/cscope.files:/home/cmaier/C/mrsystem/libs/mr_can/cand0006.c
./.kscope/cscope.files:/home/cmaier/C/mrsystem/libs/mr_can/cand0007.c
./.kscope/cscope.files:/home/cmaier/C/mrsystem/libs/mr_can/cand0008.c
./.kscope/cscope.files:/home/cmaier/C/mrsystem/libs/mr_can/cand0009.c
./.kscope/cscope.files:/home/cmaier/C/mrsystem/libs/mr_can/cand000a.c
./.kscope/cscope.files:/home/cmaier/C/mrsystem/libs/mr_can/cand000b.c
./.kscope/cscope.files:/home/cmaier/C/mrsystem/libs/mr_can/cand000c.c
./.kscope/cscope.files:/home/cmaier/C/mrsystem/libs/mr_can/cand0080.c
./.kscope/cscope.files:/home/cmaier/C/mrsystem/libs/mr_can/cand01.c
./.kscope/cscope.files:/home/cmaier/C/mrsystem/libs/mr_can/cand02.c
./.kscope/cscope.files:/home/cmaier/C/mrsystem/libs/mr_can/cand03.c
./.kscope/cscope.files:/home/cmaier/C/mrsystem/libs/mr_can/cand04.c
./.kscope/cscope.files:/home/cmaier/C/mrsystem/libs/mr_can/cand05.c
./.kscope/cscope.files:/home/cmaier/C/mrsystem/libs/mr_can/cand06.c
./.kscope/cscope.files:/home/cmaier/C/mrsystem/libs/mr_can/cand07.c
./.kscope/cscope.files:/home/cmaier/C/mrsystem/libs/mr_can/cand08.c
./.kscope/cscope.files:/home/cmaier/C/mrsystem/libs/mr_can/cand0b.c
./.kscope/cscope.files:/home/cmaier/C/mrsystem/libs/mr_can/cand10.c
./.kscope/cscope.files:/home/cmaier/C/mrsystem/libs/mr_can/cand11.c
./.kscope/cscope.files:/home/cmaier/C/mrsystem/libs/mr_can/cand18.c
./.kscope/cscope.files:/home/cmaier/C/mrsystem/libs/mr_can/cand1b.c
./.kscope/cscope.files:/home/cmaier/C/mrsystem/libs/mr_can/cand1d.c
./.kscope/cscope.files:/home/cmaier/C/mrsystem/libs/mr_can/cand20.c
./.kscope/cscope.files:/home/cmaier/C/mrsystem/libs/mr_can/cand21.c
./.kscope/cscope.files:/home/cmaier/C/mrsystem/libs/mr_can/cand30.c
./.kscope/cscope.files:/home/cmaier/C/mrsystem/libs/mr_can/cane0000.c
./.kscope/cscope.files:/home/cmaier/C/mrsystem/libs/mr_can/cane0001.c
./.kscope/cscope.files:/home/cmaier/C/mrsystem/libs/mr_can/cane0002.c
./.kscope/cscope.files:/home/cmaier/C/mrsystem/libs/mr_can/cane0003.c
./.kscope/cscope.files:/home/cmaier/C/mrsystem/libs/mr_can/cane0004.c
./.kscope/cscope.files:/home/cmaier/C/mrsystem/libs/mr_can/cane0005.c
./.kscope/cscope.files:/home/cmaier/C/mrsystem/libs/mr_can/cane0006.c
./.kscope/cscope.files:/home/cmaier/C/mrsystem/libs/mr_can/cane0007.c
./.kscope/cscope.files:/home/cmaier/C/mrsystem/libs/mr_can/cane0008.c
./.kscope/cscope.files:/home/cmaier/C/mrsystem/libs/mr_can/cane0009.c
./.kscope/cscope.files:/home/cmaier/C/mrsystem/libs/mr_can/cane000a.c
./.kscope/cscope.files:/home/cmaier/C/mrsystem/libs/mr_can/cane000b.c
./.kscope/cscope.files:/home/cmaier/C/mrsystem/libs/mr_can/cane000c.c
./.kscope/cscope.files:/home/cmaier/C/mrsystem/libs/mr_can/cane0080.c
./.kscope/cscope.files:/home/cmaier/C/mrsystem/libs/mr_can/cane01.c
./.kscope/cscope.files:/home/cmaier/C/mrsystem/libs/mr_can/cane02.c
./.kscope/cscope.files:/home/cmaier/C/mrsystem/libs/mr_can/cane03.c
./.kscope/cscope.files:/home/cmaier/C/mrsystem/libs/mr_can/cane04.c
./.kscope/cscope.files:/home/cmaier/C/mrsystem/libs/mr_can/cane05.c
./.kscope/cscope.files:/home/cmaier/C/mrsystem/libs/mr_can/cane06.c
./.kscope/cscope.files:/home/cmaier/C/mrsystem/libs/mr_can/cane07.c
./.kscope/cscope.files:/home/cmaier/C/mrsystem/libs/mr_can/cane08.c
./.kscope/cscope.files:/home/cmaier/C/mrsystem/libs/mr_can/cane0b.c
./.kscope/cscope.files:/home/cmaier/C/mrsystem/libs/mr_can/cane10.c
./.kscope/cscope.files:/home/cmaier/C/mrsystem/libs/mr_can/cane11.c
./.kscope/cscope.files:/home/cmaier/C/mrsystem/libs/mr_can/cane18.c
./.kscope/cscope.files:/home/cmaier/C/mrsystem/libs/mr_can/cane1b.c
./.kscope/cscope.files:/home/cmaier/C/mrsystem/libs/mr_can/cane1d.c
./.kscope/cscope.files:/home/cmaier/C/mrsystem/libs/mr_can/cane20.c
./.kscope/cscope.files:/home/cmaier/C/mrsystem/libs/mr_can/cane21.c
./.kscope/cscope.files:/home/cmaier/C/mrsystem/libs/mr_can/cane30.c
./.kscope/cscope.files:/home/cmaier/C/mrsystem/libs/mr_can/conn_eth.c
./.kscope/cscope.files:/home/cmaier/C/mrsystem/libs/mr_can/conn_tcp.c
./.kscope/cscope.files:/home/cmaier/C/mrsystem/libs/mr_can/crc.c
./.kscope/cscope.files:/home/cmaier/C/mrsystem/libs/mr_can/cs2_decode.c
./.kscope/cscope.files:/home/cmaier/C/mrsystem/libs/mr_can/cs2_encode.c
./.kscope/cscope.files:/home/cmaier/C/mrsystem/libs/mr_can/deceth.c
./.kscope/cscope.files:/home/cmaier/C/mrsystem/libs/mr_can/decode_id.c
./.kscope/cscope.files:/home/cmaier/C/mrsystem/libs/mr_can/enceth.c
./.kscope/cscope.files:/home/cmaier/C/mrsystem/libs/mr_can/encode_id.c
./.kscope/cscope.files:/home/cmaier/C/mrsystem/libs/mr_can/iscs2msg.c
./.kscope/cscope.files:/home/cmaier/C/mrsystem/libs/mr_can/m_cs2ms2.h
./.kscope/cscope.files:/home/cmaier/C/mrsystem/libs/mr_can/mk_bcaddr.c
./.kscope/cscope.files:/home/cmaier/C/mrsystem/libs/mr_can/mr_can.h
./.kscope/cscope.files:/home/cmaier/C/mrsystem/libs/mr_can/recveth.c
./.kscope/cscope.files:/home/cmaier/C/mrsystem/libs/mr_can/sendeth.c
./.kscope/cscope.files:/home/cmaier/C/mrsystem/libs/mr_can/sendtoeth.c
./.kscope/cscope.files:/home/cmaier/C/mrsystem/libs/mr_can/starteth.c
./.kscope/cscope.files:/home/cmaier/C/mrsystem/libs/mr_can/starteth_bc.c
./.kscope/cscope.files:/home/cmaier/C/mrsystem/libs/mr_can/starteth_tcp.c
./.kscope/cscope.files:/home/cmaier/C/mrsystem/libs/mr_can/statinfdec.c
./.kscope/cscope.files:/home/cmaier/C/mrsystem/libs/mr_can/statinfenc.c
./.kscope/cscope.files:/home/cmaier/C/mrsystem/libs/mr_can/test/main.c
./.kscope/cscope.files:/home/cmaier/C/mrsystem/libs/mr_can/trace.c
./.kscope/cscope.files:/home/cmaier/C/mrsystem/libs/mr_ipc/accept.c
./.kscope/cscope.files:/home/cmaier/C/mrsystem/libs/mr_ipc/cmd_get_acc_pos.c
./.kscope/cscope.files:/home/cmaier/C/mrsystem/libs/mr_ipc/cmd_get_can_bootldr.c
./.kscope/cscope.files:/home/cmaier/C/mrsystem/libs/mr_ipc/cmd_get_cfg_data.c
./.kscope/cscope.files:/home/cmaier/C/mrsystem/libs/mr_ipc/cmd_get_cfg_header.c
./.kscope/cscope.files:/home/cmaier/C/mrsystem/libs/mr_ipc/cmd_get_cfg_zheader.c
./.kscope/cscope.files:/home/cmaier/C/mrsystem/libs/mr_ipc/cmd_get_get_locinfo.c
./.kscope/cscope.files:/home/cmaier/C/mrsystem/libs/mr_ipc/cmd_get_get_locname.c
./.kscope/cscope.files:/home/cmaier/C/mrsystem/libs/mr_ipc/cmd_get_locomotive_dir.c
./.kscope/cscope.files:/home/cmaier/C/mrsystem/libs/mr_ipc/cmd_get_locomotive_fkt.c
./.kscope/cscope.files:/home/cmaier/C/mrsystem/libs/mr_ipc/cmd_get_locomotive_speed.c
./.kscope/cscope.files:/home/cmaier/C/mrsystem/libs/mr_ipc/cmd_get_member.c
./.kscope/cscope.files:/home/cmaier/C/mrsystem/libs/mr_ipc/cmd_get_null.c
./.kscope/cscope.files:/home/cmaier/C/mrsystem/libs/mr_ipc/cmd_get_query.c
./.kscope/cscope.files:/home/cmaier/C/mrsystem/libs/mr_ipc/cmd_get_run.c
./.kscope/cscope.files:/home/cmaier/C/mrsystem/libs/mr_ipc/cmd_get_status_data.c
./.kscope/cscope.files:/home/cmaier/C/mrsystem/libs/mr_ipc/cmd_get_status_request.c
./.kscope/cscope.files:/home/cmaier/C/mrsystem/libs/mr_ipc/cmd_get_status_size.c
./.kscope/cscope.files:/home/cmaier/C/mrsystem/libs/mr_ipc/cmd_get_system_status_val.c
./.kscope/cscope.files:/home/cmaier/C/mrsystem/libs/mr_ipc/cmd_get_track_proto.c
./.kscope/cscope.files:/home/cmaier/C/mrsystem/libs/mr_ipc/cmd_set_acc_pos.c
./.kscope/cscope.files:/home/cmaier/C/mrsystem/libs/mr_ipc/cmd_set_can_bootldr.c
./.kscope/cscope.files:/home/cmaier/C/mrsystem/libs/mr_ipc/cmd_set_cfg_data.c
./.kscope/cscope.files:/home/cmaier/C/mrsystem/libs/mr_ipc/cmd_set_cfg_header.c
./.kscope/cscope.files:/home/cmaier/C/mrsystem/libs/mr_ipc/cmd_set_cfg_zheader.c
./.kscope/cscope.files:/home/cmaier/C/mrsystem/libs/mr_ipc/cmd_set_get_locinfo.c
./.kscope/cscope.files:/home/cmaier/C/mrsystem/libs/mr_ipc/cmd_set_get_locname.c
./.kscope/cscope.files:/home/cmaier/C/mrsystem/libs/mr_ipc/cmd_set_get_member.c
./.kscope/cscope.files:/home/cmaier/C/mrsystem/libs/mr_ipc/cmd_set_locomotive_dir.c
./.kscope/cscope.files:/home/cmaier/C/mrsystem/libs/mr_ipc/cmd_set_locomotive_fkt.c
./.kscope/cscope.files:/home/cmaier/C/mrsystem/libs/mr_ipc/cmd_set_locomotive_speed.c
./.kscope/cscope.files:/home/cmaier/C/mrsystem/libs/mr_ipc/cmd_set_member.c
./.kscope/cscope.files:/home/cmaier/C/mrsystem/libs/mr_ipc/cmd_set_null.c
./.kscope/cscope.files:/home/cmaier/C/mrsystem/libs/mr_ipc/cmd_set_query.c
./.kscope/cscope.files:/home/cmaier/C/mrsystem/libs/mr_ipc/cmd_set_run.c
./.kscope/cscope.files:/home/cmaier/C/mrsystem/libs/mr_ipc/cmd_set_status_data.c
./.kscope/cscope.files:/home/cmaier/C/mrsystem/libs/mr_ipc/cmd_set_status_request.c
./.kscope/cscope.files:/home/cmaier/C/mrsystem/libs/mr_ipc/cmd_set_status_size.c
./.kscope/cscope.files:/home/cmaier/C/mrsystem/libs/mr_ipc/cmd_set_system_status_val.c
./.kscope/cscope.files:/home/cmaier/C/mrsystem/libs/mr_ipc/cmd_set_track_proto.c
./.kscope/cscope.files:/home/cmaier/C/mrsystem/libs/mr_ipc/connect.c
./.kscope/cscope.files:/home/cmaier/C/mrsystem/libs/mr_ipc/connect_if.c
./.kscope/cscope.files:/home/cmaier/C/mrsystem/libs/mr_ipc/create.c
./.kscope/cscope.files:/home/cmaier/C/mrsystem/libs/mr_ipc/decode_can.c
./.kscope/cscope.files:/home/cmaier/C/mrsystem/libs/mr_ipc/destroy.c
./.kscope/cscope.files:/home/cmaier/C/mrsystem/libs/mr_ipc/encode_can.c
./.kscope/cscope.files:/home/cmaier/C/mrsystem/libs/mr_ipc/exit.c
./.kscope/cscope.files:/home/cmaier/C/mrsystem/libs/mr_ipc/init.c
./.kscope/cscope.files:/home/cmaier/C/mrsystem/libs/mr_ipc/mr_ipc.h
./.kscope/cscope.files:/home/cmaier/C/mrsystem/libs/mr_ipc/receive.c
./.kscope/cscope.files:/home/cmaier/C/mrsystem/libs/mr_ipc/send.c
./.kscope/cscope.files:/home/cmaier/C/mrsystem/libs/mr_ipc/server.c
./.kscope/cscope.files:/home/cmaier/C/mrsystem/libs/mr_ipc/server_if.c
./.kscope/cscope.out:	@/home/cmaier/C/mrsystem/client_cc/cc_client.c
./.kscope/cscope.out:	@/home/cmaier/C/mrsystem/client_cc/cc_client.h
./.kscope/cscope.out:	@/home/cmaier/C/mrsystem/client_cc/main.c
./.kscope/cscope.out:	@/home/cmaier/C/mrsystem/client_cceth/cc_eth.c
./.kscope/cscope.out:	@/home/cmaier/C/mrsystem/client_cceth/cc_eth.h
./.kscope/cscope.out:	@/home/cmaier/C/mrsystem/client_cceth/main.c
./.kscope/cscope.out:	@/home/cmaier/C/mrsystem/client_cs2eth/can_eth.c
./.kscope/cscope.out:	@/home/cmaier/C/mrsystem/client_cs2eth/can_eth.h
./.kscope/cscope.out:	@/home/cmaier/C/mrsystem/client_cs2eth/cs2eth.c
./.kscope/cscope.out:	@/home/cmaier/C/mrsystem/client_cs2eth/cs2eth.h
./.kscope/cscope.out:	@/home/cmaier/C/mrsystem/client_cs2eth/main.c
./.kscope/cscope.out:	@/home/cmaier/C/mrsystem/client_cs2sl/can_sleth.c
./.kscope/cscope.out:	@/home/cmaier/C/mrsystem/client_cs2sl/can_sleth.h
./.kscope/cscope.out:	@/home/cmaier/C/mrsystem/client_cs2sl/cs2sl.c
./.kscope/cscope.out:	@/home/cmaier/C/mrsystem/client_cs2sl/cs2sl.h
./.kscope/cscope.out:	@/home/cmaier/C/mrsystem/client_cs2sl/main.c
./.kscope/cscope.out:	@/home/cmaier/C/mrsystem/client_gpios88/a20.c
./.kscope/cscope.out:	@/home/cmaier/C/mrsystem/client_gpios88/a20.h
./.kscope/cscope.out:	@/home/cmaier/C/mrsystem/client_gpios88/s88udp-bpi.c
./.kscope/cscope.out:	@/home/cmaier/C/mrsystem/client_gpios88/s88udp-bpi.h
./.kscope/cscope.out:	@/home/cmaier/C/mrsystem/client_inject/inject.c
./.kscope/cscope.out:	@/home/cmaier/C/mrsystem/client_inject/inject.h
./.kscope/cscope.out:	@/home/cmaier/C/mrsystem/client_inject/main.c
./.kscope/cscope.out:	@/home/cmaier/C/mrsystem/client_log/log.c
./.kscope/cscope.out:	@/home/cmaier/C/mrsystem/client_log/log.h
./.kscope/cscope.out:	@/home/cmaier/C/mrsystem/client_log/main.c
./.kscope/cscope.out:	@/home/cmaier/C/mrsystem/client_logeth/main.c
./.kscope/cscope.out:	@/home/cmaier/C/mrsystem/client_logms2/logms2.c
./.kscope/cscope.out:	@/home/cmaier/C/mrsystem/client_logms2/logms2.h
./.kscope/cscope.out:	@/home/cmaier/C/mrsystem/client_logms2/main.c
./.kscope/cscope.out:	@/home/cmaier/C/mrsystem/client_ms1/maerklin.h
./.kscope/cscope.out:	@/home/cmaier/C/mrsystem/client_ms1/main.c
./.kscope/cscope.out:	@/home/cmaier/C/mrsystem/client_ms1/ms1.c
./.kscope/cscope.out:	@/home/cmaier/C/mrsystem/client_ms1/ms1.h
./.kscope/cscope.out:	@/home/cmaier/C/mrsystem/client_ms2/can_client.c
./.kscope/cscope.out:	@/home/cmaier/C/mrsystem/client_ms2/can_client.h
./.kscope/cscope.out:	@/home/cmaier/C/mrsystem/client_ms2/main.c
./.kscope/cscope.out:	@/home/cmaier/C/mrsystem/client_ms2/ms2.c
./.kscope/cscope.out:	@/home/cmaier/C/mrsystem/client_ms2/ms2.h
./.kscope/cscope.out:	@/home/cmaier/C/mrsystem/client_ms24l/c4l_client.c
./.kscope/cscope.out:	@/home/cmaier/C/mrsystem/client_ms24l/c4l_clinet.h
./.kscope/cscope.out:	@/home/cmaier/C/mrsystem/client_ms24l/main.c
./.kscope/cscope.out:	@/home/cmaier/C/mrsystem/client_slcan/main.c
./.kscope/cscope.out:	@/home/cmaier/C/mrsystem/client_slcan/slcan_client.c
./.kscope/cscope.out:	@/home/cmaier/C/mrsystem/client_slcan/slcan_client.h
./.kscope/cscope.out:	@/home/cmaier/C/mrsystem/client_srcp/main.c
./.kscope/cscope.out:	@/home/cmaier/C/mrsystem/client_srcp/srcp.c
./.kscope/cscope.out:	@/home/cmaier/C/mrsystem/client_srcp/srcp.h
./.kscope/cscope.out:	@/home/cmaier/C/mrsystem/client_srcp/srcp_parse.c
./.kscope/cscope.out:	@/home/cmaier/C/mrsystem/client_srcp/srcp_parse.h
./.kscope/cscope.out:	@/home/cmaier/C/mrsystem/client_srcp/states.c
./.kscope/cscope.out:	@/home/cmaier/C/mrsystem/client_zentrale/canmember.c
./.kscope/cscope.out:	@/home/cmaier/C/mrsystem/client_zentrale/canmember.h
./.kscope/cscope.out:	@/home/cmaier/C/mrsystem/client_zentrale/cron.c
./.kscope/cscope.out:	@/home/cmaier/C/mrsystem/client_zentrale/cron.h
./.kscope/cscope.out:	@/home/cmaier/C/mrsystem/client_zentrale/cs2cfg.c
./.kscope/cscope.out:	@/home/cmaier/C/mrsystem/client_zentrale/cs2cfg.h
./.kscope/cscope.out:	@/home/cmaier/C/mrsystem/client_zentrale/fahrstrasse.c
./.kscope/cscope.out:	@/home/cmaier/C/mrsystem/client_zentrale/fahrstrasse.h
./.kscope/cscope.out:	@/home/cmaier/C/mrsystem/client_zentrale/fsstat.c
./.kscope/cscope.out:	@/home/cmaier/C/mrsystem/client_zentrale/fsstat.h
./.kscope/cscope.out:	@/home/cmaier/C/mrsystem/client_zentrale/gbsstat.c
./.kscope/cscope.out:	@/home/cmaier/C/mrsystem/client_zentrale/gbsstat.h
./.kscope/cscope.out:	@/home/cmaier/C/mrsystem/client_zentrale/gleisbild.c
./.kscope/cscope.out:	@/home/cmaier/C/mrsystem/client_zentrale/gleisbild.h
./.kscope/cscope.out:	@/home/cmaier/C/mrsystem/client_zentrale/gleisbildpage.c
./.kscope/cscope.out:	@/home/cmaier/C/mrsystem/client_zentrale/gleisbildpage.h
./.kscope/cscope.out:	@/home/cmaier/C/mrsystem/client_zentrale/lok.c
./.kscope/cscope.out:	@/home/cmaier/C/mrsystem/client_zentrale/lok.h
./.kscope/cscope.out:	@/home/cmaier/C/mrsystem/client_zentrale/lokstatus.c
./.kscope/cscope.out:	@/home/cmaier/C/mrsystem/client_zentrale/lokstatus.h
./.kscope/cscope.out:	@/home/cmaier/C/mrsystem/client_zentrale/magnetartikel.c
./.kscope/cscope.out:	@/home/cmaier/C/mrsystem/client_zentrale/magnetartikel.h
./.kscope/cscope.out:	@/home/cmaier/C/mrsystem/client_zentrale/magstat.c
./.kscope/cscope.out:	@/home/cmaier/C/mrsystem/client_zentrale/magstat.h
./.kscope/cscope.out:	@/home/cmaier/C/mrsystem/client_zentrale/main.c
./.kscope/cscope.out:	@/home/cmaier/C/mrsystem/client_zentrale/states.c
./.kscope/cscope.out:	@/home/cmaier/C/mrsystem/client_zentrale/test/magtest.c
./.kscope/cscope.out:	@/home/cmaier/C/mrsystem/client_zentrale/zentrale.c
./.kscope/cscope.out:	@/home/cmaier/C/mrsystem/client_zentrale/zentrale.h
./.kscope/cscope.out:	@/home/cmaier/C/mrsystem/client_zentrale/zfile.c
./.kscope/cscope.out:	@/home/cmaier/C/mrsystem/client_zentrale/zfile.h
./.kscope/cscope.out:	@/home/cmaier/C/mrsystem/drehscheibe/drehscheibe.c
./.kscope/cscope.out:	@/home/cmaier/C/mrsystem/drehscheibe/drehscheibe.h
./.kscope/cscope.out:	@/home/cmaier/C/mrsystem/drehscheibe/main.c
./.kscope/cscope.out:	@/home/cmaier/C/mrsystem/include/can_io.h
./.kscope/cscope.out:	@/home/cmaier/C/mrsystem/include/config.h
./.kscope/cscope.out:	@/home/cmaier/C/mrsystem/include/cs2_types.h
./.kscope/cscope.out:	@/home/cmaier/C/mrsystem/include/cs2parse.h
./.kscope/cscope.out:	@/home/cmaier/C/mrsystem/include/m_cs2ms2.h
./.kscope/cscope.out:	@/home/cmaier/C/mrsystem/include/mr_can.h
./.kscope/cscope.out:	@/home/cmaier/C/mrsystem/include/mr_ipc.h
./.kscope/cscope.out:	@/home/cmaier/C/mrsystem/include/write_cs2.h
./.kscope/cscope.out:	@/home/cmaier/C/mrsystem/libs/config/cfg_cmdline.c
./.kscope/cscope.out:	@/home/cmaier/C/mrsystem/libs/config/cfg_create.c
./.kscope/cscope.out:	@/home/cmaier/C/mrsystem/libs/config/cfg_destroy.c
./.kscope/cscope.out:	@/home/cmaier/C/mrsystem/libs/config/cfg_exit.c
./.kscope/cscope.out:	@/home/cmaier/C/mrsystem/libs/config/cfg_gint.c
./.kscope/cscope.out:	@/home/cmaier/C/mrsystem/libs/config/cfg_gstr.c
./.kscope/cscope.out:	@/home/cmaier/C/mrsystem/libs/config/cfg_init.c
./.kscope/cscope.out:	@/home/cmaier/C/mrsystem/libs/config/cfg_intern.h
./.kscope/cscope.out:	@/home/cmaier/C/mrsystem/libs/config/cfg_read.c
./.kscope/cscope.out:	@/home/cmaier/C/mrsystem/libs/config/cfg_sint.c
./.kscope/cscope.out:	@/home/cmaier/C/mrsystem/libs/config/cfg_sstr.c
./.kscope/cscope.out:	@/home/cmaier/C/mrsystem/libs/config/config.h
./.kscope/cscope.out:	@/home/cmaier/C/mrsystem/libs/cs2_parse/cs2_types.h
./.kscope/cscope.out:	@/home/cmaier/C/mrsystem/libs/cs2_parse/cs2p_create.c
./.kscope/cscope.out:	@/home/cmaier/C/mrsystem/libs/cs2_parse/cs2p_destroy.c
./.kscope/cscope.out:	@/home/cmaier/C/mrsystem/libs/cs2_parse/cs2p_init.c
./.kscope/cscope.out:	@/home/cmaier/C/mrsystem/libs/cs2_parse/cs2p_parse.c
./.kscope/cscope.out:	@/home/cmaier/C/mrsystem/libs/cs2_parse/cs2parse.h
./.kscope/cscope.out:	@/home/cmaier/C/mrsystem/libs/cs2_parse/cs2ptoken.h
./.kscope/cscope.out:	@/home/cmaier/C/mrsystem/libs/cs2_parse/write_cs2.c
./.kscope/cscope.out:	@/home/cmaier/C/mrsystem/libs/cs2_parse/write_cs2.h
./.kscope/cscope.out:	@/home/cmaier/C/mrsystem/libs/io_fkts/io.h
./.kscope/cscope.out:	@/home/cmaier/C/mrsystem/libs/mr_can/accept_tcp.c
./.kscope/cscope.out:	@/home/cmaier/C/mrsystem/libs/mr_can/calc_hash.c
./.kscope/cscope.out:	@/home/cmaier/C/mrsystem/libs/mr_can/calc_hash_fnr.c
./.kscope/cscope.out:	@/home/cmaier/C/mrsystem/libs/mr_can/cand0000.c
./.kscope/cscope.out:	@/home/cmaier/C/mrsystem/libs/mr_can/cand0001.c
./.kscope/cscope.out:	@/home/cmaier/C/mrsystem/libs/mr_can/cand0002.c
./.kscope/cscope.out:	@/home/cmaier/C/mrsystem/libs/mr_can/cand0003.c
./.kscope/cscope.out:	@/home/cmaier/C/mrsystem/libs/mr_can/cand0004.c
./.kscope/cscope.out:	@/home/cmaier/C/mrsystem/libs/mr_can/cand0005.c
./.kscope/cscope.out:	@/home/cmaier/C/mrsystem/libs/mr_can/cand0006.c
./.kscope/cscope.out:	@/home/cmaier/C/mrsystem/libs/mr_can/cand0007.c
./.kscope/cscope.out:	@/home/cmaier/C/mrsystem/libs/mr_can/cand0008.c
./.kscope/cscope.out:	@/home/cmaier/C/mrsystem/libs/mr_can/cand0009.c
./.kscope/cscope.out:	@/home/cmaier/C/mrsystem/libs/mr_can/cand000a.c
./.kscope/cscope.out:	@/home/cmaier/C/mrsystem/libs/mr_can/cand000b.c
./.kscope/cscope.out:	@/home/cmaier/C/mrsystem/libs/mr_can/cand000c.c
./.kscope/cscope.out:	@/home/cmaier/C/mrsystem/libs/mr_can/cand0080.c
./.kscope/cscope.out:	@/home/cmaier/C/mrsystem/libs/mr_can/cand01.c
./.kscope/cscope.out:	@/home/cmaier/C/mrsystem/libs/mr_can/cand02.c
./.kscope/cscope.out:	@/home/cmaier/C/mrsystem/libs/mr_can/cand03.c
./.kscope/cscope.out:	@/home/cmaier/C/mrsystem/libs/mr_can/cand04.c
./.kscope/cscope.out:	@/home/cmaier/C/mrsystem/libs/mr_can/cand05.c
./.kscope/cscope.out:	@/home/cmaier/C/mrsystem/libs/mr_can/cand06.c
./.kscope/cscope.out:	@/home/cmaier/C/mrsystem/libs/mr_can/cand07.c
./.kscope/cscope.out:	@/home/cmaier/C/mrsystem/libs/mr_can/cand08.c
./.kscope/cscope.out:	@/home/cmaier/C/mrsystem/libs/mr_can/cand0b.c
./.kscope/cscope.out:	@/home/cmaier/C/mrsystem/libs/mr_can/cand10.c
./.kscope/cscope.out:	@/home/cmaier/C/mrsystem/libs/mr_can/cand11.c
./.kscope/cscope.out:	@/home/cmaier/C/mrsystem/libs/mr_can/cand18.c
./.kscope/cscope.out:	@/home/cmaier/C/mrsystem/libs/mr_can/cand1b.c
./.kscope/cscope.out:	@/home/cmaier/C/mrsystem/libs/mr_can/cand1d.c
./.kscope/cscope.out:	@/home/cmaier/C/mrsystem/libs/mr_can/cand20.c
./.kscope/cscope.out:	@/home/cmaier/C/mrsystem/libs/mr_can/cand21.c
./.kscope/cscope.out:	@/home/cmaier/C/mrsystem/libs/mr_can/cand30.c
./.kscope/cscope.out:	@/home/cmaier/C/mrsystem/libs/mr_can/cane0000.c
./.kscope/cscope.out:	@/home/cmaier/C/mrsystem/libs/mr_can/cane0001.c
./.kscope/cscope.out:	@/home/cmaier/C/mrsystem/libs/mr_can/cane0002.c
./.kscope/cscope.out:	@/home/cmaier/C/mrsystem/libs/mr_can/cane0003.c
./.kscope/cscope.out:	@/home/cmaier/C/mrsystem/libs/mr_can/cane0004.c
./.kscope/cscope.out:	@/home/cmaier/C/mrsystem/libs/mr_can/cane0005.c
./.kscope/cscope.out:	@/home/cmaier/C/mrsystem/libs/mr_can/cane0006.c
./.kscope/cscope.out:	@/home/cmaier/C/mrsystem/libs/mr_can/cane0007.c
./.kscope/cscope.out:	@/home/cmaier/C/mrsystem/libs/mr_can/cane0008.c
./.kscope/cscope.out:	@/home/cmaier/C/mrsystem/libs/mr_can/cane0009.c
./.kscope/cscope.out:	@/home/cmaier/C/mrsystem/libs/mr_can/cane000a.c
./.kscope/cscope.out:	@/home/cmaier/C/mrsystem/libs/mr_can/cane000b.c
./.kscope/cscope.out:	@/home/cmaier/C/mrsystem/libs/mr_can/cane000c.c
./.kscope/cscope.out:	@/home/cmaier/C/mrsystem/libs/mr_can/cane0080.c
./.kscope/cscope.out:	@/home/cmaier/C/mrsystem/libs/mr_can/cane01.c
./.kscope/cscope.out:	@/home/cmaier/C/mrsystem/libs/mr_can/cane02.c
./.kscope/cscope.out:	@/home/cmaier/C/mrsystem/libs/mr_can/cane03.c
./.kscope/cscope.out:	@/home/cmaier/C/mrsystem/libs/mr_can/cane04.c
./.kscope/cscope.out:	@/home/cmaier/C/mrsystem/libs/mr_can/cane05.c
./.kscope/cscope.out:	@/home/cmaier/C/mrsystem/libs/mr_can/cane06.c
./.kscope/cscope.out:	@/home/cmaier/C/mrsystem/libs/mr_can/cane07.c
./.kscope/cscope.out:	@/home/cmaier/C/mrsystem/libs/mr_can/cane08.c
./.kscope/cscope.out:	@/home/cmaier/C/mrsystem/libs/mr_can/cane0b.c
./.kscope/cscope.out:	@/home/cmaier/C/mrsystem/libs/mr_can/cane10.c
./.kscope/cscope.out:	@/home/cmaier/C/mrsystem/libs/mr_can/cane11.c
./.kscope/cscope.out:	@/home/cmaier/C/mrsystem/libs/mr_can/cane18.c
./.kscope/cscope.out:	@/home/cmaier/C/mrsystem/libs/mr_can/cane1b.c
./.kscope/cscope.out:	@/home/cmaier/C/mrsystem/libs/mr_can/cane1d.c
./.kscope/cscope.out:	@/home/cmaier/C/mrsystem/libs/mr_can/cane20.c
./.kscope/cscope.out:	@/home/cmaier/C/mrsystem/libs/mr_can/cane21.c
./.kscope/cscope.out:	@/home/cmaier/C/mrsystem/libs/mr_can/cane30.c
./.kscope/cscope.out:	@/home/cmaier/C/mrsystem/libs/mr_can/conn_eth.c
./.kscope/cscope.out:	@/home/cmaier/C/mrsystem/libs/mr_can/conn_tcp.c
./.kscope/cscope.out:	@/home/cmaier/C/mrsystem/libs/mr_can/crc.c
./.kscope/cscope.out:	@/home/cmaier/C/mrsystem/libs/mr_can/cs2_decode.c
./.kscope/cscope.out:	@/home/cmaier/C/mrsystem/libs/mr_can/cs2_encode.c
./.kscope/cscope.out:	@/home/cmaier/C/mrsystem/libs/mr_can/deceth.c
./.kscope/cscope.out:	@/home/cmaier/C/mrsystem/libs/mr_can/decode_id.c
./.kscope/cscope.out:	@/home/cmaier/C/mrsystem/libs/mr_can/enceth.c
./.kscope/cscope.out:	@/home/cmaier/C/mrsystem/libs/mr_can/encode_id.c
./.kscope/cscope.out:	@/home/cmaier/C/mrsystem/libs/mr_can/iscs2msg.c
./.kscope/cscope.out:	@/home/cmaier/C/mrsystem/libs/mr_can/m_cs2ms2.h
./.kscope/cscope.out:	@/home/cmaier/C/mrsystem/libs/mr_can/mk_bcaddr.c
./.kscope/cscope.out:	@/home/cmaier/C/mrsystem/libs/mr_can/mr_can.h
./.kscope/cscope.out:	@/home/cmaier/C/mrsystem/libs/mr_can/recveth.c
./.kscope/cscope.out:	@/home/cmaier/C/mrsystem/libs/mr_can/sendeth.c
./.kscope/cscope.out:	@/home/cmaier/C/mrsystem/libs/mr_can/sendtoeth.c
./.kscope/cscope.out:	@/home/cmaier/C/mrsystem/libs/mr_can/starteth.c
./.kscope/cscope.out:	@/home/cmaier/C/mrsystem/libs/mr_can/starteth_bc.c
./.kscope/cscope.out:	@/home/cmaier/C/mrsystem/libs/mr_can/starteth_tcp.c
./.kscope/cscope.out:	@/home/cmaier/C/mrsystem/libs/mr_can/statinfdec.c
./.kscope/cscope.out:	@/home/cmaier/C/mrsystem/libs/mr_can/statinfenc.c
./.kscope/cscope.out:	@/home/cmaier/C/mrsystem/libs/mr_can/test/main.c
./.kscope/cscope.out:	@/home/cmaier/C/mrsystem/libs/mr_can/trace.c
./.kscope/cscope.out:	@/home/cmaier/C/mrsystem/libs/mr_ipc/accept.c
./.kscope/cscope.out:	@/home/cmaier/C/mrsystem/libs/mr_ipc/cmd_get_acc_pos.c
./.kscope/cscope.out:	@/home/cmaier/C/mrsystem/libs/mr_ipc/cmd_get_can_bootldr.c
./.kscope/cscope.out:	@/home/cmaier/C/mrsystem/libs/mr_ipc/cmd_get_cfg_data.c
./.kscope/cscope.out:	@/home/cmaier/C/mrsystem/libs/mr_ipc/cmd_get_cfg_header.c
./.kscope/cscope.out:	@/home/cmaier/C/mrsystem/libs/mr_ipc/cmd_get_cfg_zheader.c
./.kscope/cscope.out:	@/home/cmaier/C/mrsystem/libs/mr_ipc/cmd_get_get_locinfo.c
./.kscope/cscope.out:	@/home/cmaier/C/mrsystem/libs/mr_ipc/cmd_get_get_locname.c
./.kscope/cscope.out:	@/home/cmaier/C/mrsystem/libs/mr_ipc/cmd_get_locomotive_dir.c
./.kscope/cscope.out:	@/home/cmaier/C/mrsystem/libs/mr_ipc/cmd_get_locomotive_fkt.c
./.kscope/cscope.out:	@/home/cmaier/C/mrsystem/libs/mr_ipc/cmd_get_locomotive_speed.c
./.kscope/cscope.out:	@/home/cmaier/C/mrsystem/libs/mr_ipc/cmd_get_member.c
./.kscope/cscope.out:	@/home/cmaier/C/mrsystem/libs/mr_ipc/cmd_get_null.c
./.kscope/cscope.out:	@/home/cmaier/C/mrsystem/libs/mr_ipc/cmd_get_query.c
./.kscope/cscope.out:	@/home/cmaier/C/mrsystem/libs/mr_ipc/cmd_get_run.c
./.kscope/cscope.out:	@/home/cmaier/C/mrsystem/libs/mr_ipc/cmd_get_status_data.c
./.kscope/cscope.out:	@/home/cmaier/C/mrsystem/libs/mr_ipc/cmd_get_status_request.c
./.kscope/cscope.out:	@/home/cmaier/C/mrsystem/libs/mr_ipc/cmd_get_status_size.c
./.kscope/cscope.out:	@/home/cmaier/C/mrsystem/libs/mr_ipc/cmd_get_system_status_val.c
./.kscope/cscope.out:	@/home/cmaier/C/mrsystem/libs/mr_ipc/cmd_get_track_proto.c
./.kscope/cscope.out:	@/home/cmaier/C/mrsystem/libs/mr_ipc/cmd_set_acc_pos.c
./.kscope/cscope.out:	@/home/cmaier/C/mrsystem/libs/mr_ipc/cmd_set_can_bootldr.c
./.kscope/cscope.out:	@/home/cmaier/C/mrsystem/libs/mr_ipc/cmd_set_cfg_data.c
./.kscope/cscope.out:	@/home/cmaier/C/mrsystem/libs/mr_ipc/cmd_set_cfg_header.c
./.kscope/cscope.out:	@/home/cmaier/C/mrsystem/libs/mr_ipc/cmd_set_cfg_zheader.c
./.kscope/cscope.out:	@/home/cmaier/C/mrsystem/libs/mr_ipc/cmd_set_get_locinfo.c
./.kscope/cscope.out:	@/home/cmaier/C/mrsystem/libs/mr_ipc/cmd_set_get_locname.c
./.kscope/cscope.out:	@/home/cmaier/C/mrsystem/libs/mr_ipc/cmd_set_get_member.c
./.kscope/cscope.out:	@/home/cmaier/C/mrsystem/libs/mr_ipc/cmd_set_locomotive_dir.c
./.kscope/cscope.out:	@/home/cmaier/C/mrsystem/libs/mr_ipc/cmd_set_locomotive_fkt.c
./.kscope/cscope.out:	@/home/cmaier/C/mrsystem/libs/mr_ipc/cmd_set_locomotive_speed.c
./.kscope/cscope.out:	@/home/cmaier/C/mrsystem/libs/mr_ipc/cmd_set_member.c
./.kscope/cscope.out:	@/home/cmaier/C/mrsystem/libs/mr_ipc/cmd_set_null.c
./.kscope/cscope.out:	@/home/cmaier/C/mrsystem/libs/mr_ipc/cmd_set_query.c
./.kscope/cscope.out:	@/home/cmaier/C/mrsystem/libs/mr_ipc/cmd_set_run.c
./.kscope/cscope.out:	@/home/cmaier/C/mrsystem/libs/mr_ipc/cmd_set_status_data.c
./.kscope/cscope.out:	@/home/cmaier/C/mrsystem/libs/mr_ipc/cmd_set_status_request.c
./.kscope/cscope.out:	@/home/cmaier/C/mrsystem/libs/mr_ipc/cmd_set_status_size.c
./.kscope/cscope.out:	@/home/cmaier/C/mrsystem/libs/mr_ipc/cmd_set_system_status_val.c
./.kscope/cscope.out:	@/home/cmaier/C/mrsystem/libs/mr_ipc/cmd_set_track_proto.c
./.kscope/cscope.out:	@/home/cmaier/C/mrsystem/libs/mr_ipc/connect.c
./.kscope/cscope.out:	@/home/cmaier/C/mrsystem/libs/mr_ipc/connect_if.c
./.kscope/cscope.out:	@/home/cmaier/C/mrsystem/libs/mr_ipc/create.c
./.kscope/cscope.out:	@/home/cmaier/C/mrsystem/libs/mr_ipc/decode_can.c
./.kscope/cscope.out:	@/home/cmaier/C/mrsystem/libs/mr_ipc/destroy.c
./.kscope/cscope.out:	@/home/cmaier/C/mrsystem/libs/mr_ipc/encode_can.c
./.kscope/cscope.out:	@/home/cmaier/C/mrsystem/libs/mr_ipc/exit.c
./.kscope/cscope.out:	@/home/cmaier/C/mrsystem/libs/mr_ipc/init.c
./.kscope/cscope.out:	@/home/cmaier/C/mrsystem/libs/mr_ipc/mr_ipc.h
./.kscope/cscope.out:	@/home/cmaier/C/mrsystem/libs/mr_ipc/receive.c
./.kscope/cscope.out:	@/home/cmaier/C/mrsystem/libs/mr_ipc/send.c
./.kscope/cscope.out:	@/home/cmaier/C/mrsystem/libs/mr_ipc/server.c
./.kscope/cscope.out:	@/home/cmaier/C/mrsystem/libs/mr_ipc/server_if.c
./.kscope/cscope.out:/home/cmaier/C/mrsystem/client_cc/cc_client.c
./.kscope/cscope.out:/home/cmaier/C/mrsystem/client_cc/cc_client.h
./.kscope/cscope.out:/home/cmaier/C/mrsystem/client_cc/main.c
./.kscope/cscope.out:/home/cmaier/C/mrsystem/client_cceth/cc_eth.c
./.kscope/cscope.out:/home/cmaier/C/mrsystem/client_cceth/cc_eth.h
./.kscope/cscope.out:/home/cmaier/C/mrsystem/client_cceth/main.c
./.kscope/cscope.out:/home/cmaier/C/mrsystem/client_cs2eth/can_eth.c
./.kscope/cscope.out:/home/cmaier/C/mrsystem/client_cs2eth/can_eth.h
./.kscope/cscope.out:/home/cmaier/C/mrsystem/client_cs2eth/cs2eth.c
./.kscope/cscope.out:/home/cmaier/C/mrsystem/client_cs2eth/cs2eth.h
./.kscope/cscope.out:/home/cmaier/C/mrsystem/client_cs2eth/main.c
./.kscope/cscope.out:/home/cmaier/C/mrsystem/client_cs2sl/can_sleth.c
./.kscope/cscope.out:/home/cmaier/C/mrsystem/client_cs2sl/can_sleth.h
./.kscope/cscope.out:/home/cmaier/C/mrsystem/client_cs2sl/cs2sl.c
./.kscope/cscope.out:/home/cmaier/C/mrsystem/client_cs2sl/cs2sl.h
./.kscope/cscope.out:/home/cmaier/C/mrsystem/client_cs2sl/main.c
./.kscope/cscope.out:/home/cmaier/C/mrsystem/client_gpios88/a20.c
./.kscope/cscope.out:/home/cmaier/C/mrsystem/client_gpios88/a20.h
./.kscope/cscope.out:/home/cmaier/C/mrsystem/client_gpios88/s88udp-bpi.c
./.kscope/cscope.out:/home/cmaier/C/mrsystem/client_gpios88/s88udp-bpi.h
./.kscope/cscope.out:/home/cmaier/C/mrsystem/client_inject/inject.c
./.kscope/cscope.out:/home/cmaier/C/mrsystem/client_inject/inject.h
./.kscope/cscope.out:/home/cmaier/C/mrsystem/client_inject/main.c
./.kscope/cscope.out:/home/cmaier/C/mrsystem/client_log/log.c
./.kscope/cscope.out:/home/cmaier/C/mrsystem/client_log/log.h
./.kscope/cscope.out:/home/cmaier/C/mrsystem/client_log/main.c
./.kscope/cscope.out:/home/cmaier/C/mrsystem/client_logeth/main.c
./.kscope/cscope.out:/home/cmaier/C/mrsystem/client_logms2/logms2.c
./.kscope/cscope.out:/home/cmaier/C/mrsystem/client_logms2/logms2.h
./.kscope/cscope.out:/home/cmaier/C/mrsystem/client_logms2/main.c
./.kscope/cscope.out:/home/cmaier/C/mrsystem/client_ms1/maerklin.h
./.kscope/cscope.out:/home/cmaier/C/mrsystem/client_ms1/main.c
./.kscope/cscope.out:/home/cmaier/C/mrsystem/client_ms1/ms1.c
./.kscope/cscope.out:/home/cmaier/C/mrsystem/client_ms1/ms1.h
./.kscope/cscope.out:/home/cmaier/C/mrsystem/client_ms2/can_client.c
./.kscope/cscope.out:/home/cmaier/C/mrsystem/client_ms2/can_client.h
./.kscope/cscope.out:/home/cmaier/C/mrsystem/client_ms2/main.c
./.kscope/cscope.out:/home/cmaier/C/mrsystem/client_ms2/ms2.c
./.kscope/cscope.out:/home/cmaier/C/mrsystem/client_ms2/ms2.h
./.kscope/cscope.out:/home/cmaier/C/mrsystem/client_ms24l/c4l_client.c
./.kscope/cscope.out:/home/cmaier/C/mrsystem/client_ms24l/c4l_clinet.h
./.kscope/cscope.out:/home/cmaier/C/mrsystem/client_ms24l/main.c
./.kscope/cscope.out:/home/cmaier/C/mrsystem/client_slcan/main.c
./.kscope/cscope.out:/home/cmaier/C/mrsystem/client_slcan/slcan_client.c
./.kscope/cscope.out:/home/cmaier/C/mrsystem/client_slcan/slcan_client.h
./.kscope/cscope.out:/home/cmaier/C/mrsystem/client_srcp/main.c
./.kscope/cscope.out:/home/cmaier/C/mrsystem/client_srcp/srcp.c
./.kscope/cscope.out:/home/cmaier/C/mrsystem/client_srcp/srcp.h
./.kscope/cscope.out:/home/cmaier/C/mrsystem/client_srcp/srcp_parse.c
./.kscope/cscope.out:/home/cmaier/C/mrsystem/client_srcp/srcp_parse.h
./.kscope/cscope.out:/home/cmaier/C/mrsystem/client_srcp/states.c
./.kscope/cscope.out:/home/cmaier/C/mrsystem/client_zentrale/canmember.c
./.kscope/cscope.out:/home/cmaier/C/mrsystem/client_zentrale/canmember.h
./.kscope/cscope.out:/home/cmaier/C/mrsystem/client_zentrale/cron.c
./.kscope/cscope.out:/home/cmaier/C/mrsystem/client_zentrale/cron.h
./.kscope/cscope.out:/home/cmaier/C/mrsystem/client_zentrale/cs2cfg.c
./.kscope/cscope.out:/home/cmaier/C/mrsystem/client_zentrale/cs2cfg.h
./.kscope/cscope.out:/home/cmaier/C/mrsystem/client_zentrale/fahrstrasse.c
./.kscope/cscope.out:/home/cmaier/C/mrsystem/client_zentrale/fahrstrasse.h
./.kscope/cscope.out:/home/cmaier/C/mrsystem/client_zentrale/fsstat.c
./.kscope/cscope.out:/home/cmaier/C/mrsystem/client_zentrale/fsstat.h
./.kscope/cscope.out:/home/cmaier/C/mrsystem/client_zentrale/gbsstat.c
./.kscope/cscope.out:/home/cmaier/C/mrsystem/client_zentrale/gbsstat.h
./.kscope/cscope.out:/home/cmaier/C/mrsystem/client_zentrale/gleisbild.c
./.kscope/cscope.out:/home/cmaier/C/mrsystem/client_zentrale/gleisbild.h
./.kscope/cscope.out:/home/cmaier/C/mrsystem/client_zentrale/gleisbildpage.c
./.kscope/cscope.out:/home/cmaier/C/mrsystem/client_zentrale/gleisbildpage.h
./.kscope/cscope.out:/home/cmaier/C/mrsystem/client_zentrale/lok.c
./.kscope/cscope.out:/home/cmaier/C/mrsystem/client_zentrale/lok.h
./.kscope/cscope.out:/home/cmaier/C/mrsystem/client_zentrale/lokstatus.c
./.kscope/cscope.out:/home/cmaier/C/mrsystem/client_zentrale/lokstatus.h
./.kscope/cscope.out:/home/cmaier/C/mrsystem/client_zentrale/magnetartikel.c
./.kscope/cscope.out:/home/cmaier/C/mrsystem/client_zentrale/magnetartikel.h
./.kscope/cscope.out:/home/cmaier/C/mrsystem/client_zentrale/magstat.c
./.kscope/cscope.out:/home/cmaier/C/mrsystem/client_zentrale/magstat.h
./.kscope/cscope.out:/home/cmaier/C/mrsystem/client_zentrale/main.c
./.kscope/cscope.out:/home/cmaier/C/mrsystem/client_zentrale/states.c
./.kscope/cscope.out:/home/cmaier/C/mrsystem/client_zentrale/test/magtest.c
./.kscope/cscope.out:/home/cmaier/C/mrsystem/client_zentrale/zentrale.c
./.kscope/cscope.out:/home/cmaier/C/mrsystem/client_zentrale/zentrale.h
./.kscope/cscope.out:/home/cmaier/C/mrsystem/client_zentrale/zfile.c
./.kscope/cscope.out:/home/cmaier/C/mrsystem/client_zentrale/zfile.h
./.kscope/cscope.out:/home/cmaier/C/mrsystem/drehscheibe/drehscheibe.c
./.kscope/cscope.out:/home/cmaier/C/mrsystem/drehscheibe/drehscheibe.h
./.kscope/cscope.out:/home/cmaier/C/mrsystem/drehscheibe/main.c
./.kscope/cscope.out:/home/cmaier/C/mrsystem/include/can_io.h
./.kscope/cscope.out:/home/cmaier/C/mrsystem/include/config.h
./.kscope/cscope.out:/home/cmaier/C/mrsystem/include/cs2_types.h
./.kscope/cscope.out:/home/cmaier/C/mrsystem/include/cs2parse.h
./.kscope/cscope.out:/home/cmaier/C/mrsystem/include/m_cs2ms2.h
./.kscope/cscope.out:/home/cmaier/C/mrsystem/include/mr_can.h
./.kscope/cscope.out:/home/cmaier/C/mrsystem/include/mr_ipc.h
./.kscope/cscope.out:/home/cmaier/C/mrsystem/include/write_cs2.h
./.kscope/cscope.out:/home/cmaier/C/mrsystem/libs/config/cfg_cmdline.c
./.kscope/cscope.out:/home/cmaier/C/mrsystem/libs/config/cfg_create.c
./.kscope/cscope.out:/home/cmaier/C/mrsystem/libs/config/cfg_destroy.c
./.kscope/cscope.out:/home/cmaier/C/mrsystem/libs/config/cfg_exit.c
./.kscope/cscope.out:/home/cmaier/C/mrsystem/libs/config/cfg_gint.c
./.kscope/cscope.out:/home/cmaier/C/mrsystem/libs/config/cfg_gstr.c
./.kscope/cscope.out:/home/cmaier/C/mrsystem/libs/config/cfg_init.c
./.kscope/cscope.out:/home/cmaier/C/mrsystem/libs/config/cfg_intern.h
./.kscope/cscope.out:/home/cmaier/C/mrsystem/libs/config/cfg_read.c
./.kscope/cscope.out:/home/cmaier/C/mrsystem/libs/config/cfg_sint.c
./.kscope/cscope.out:/home/cmaier/C/mrsystem/libs/config/cfg_sstr.c
./.kscope/cscope.out:/home/cmaier/C/mrsystem/libs/config/config.h
./.kscope/cscope.out:/home/cmaier/C/mrsystem/libs/cs2_parse/cs2_types.h
./.kscope/cscope.out:/home/cmaier/C/mrsystem/libs/cs2_parse/cs2p_create.c
./.kscope/cscope.out:/home/cmaier/C/mrsystem/libs/cs2_parse/cs2p_destroy.c
./.kscope/cscope.out:/home/cmaier/C/mrsystem/libs/cs2_parse/cs2p_init.c
./.kscope/cscope.out:/home/cmaier/C/mrsystem/libs/cs2_parse/cs2p_parse.c
./.kscope/cscope.out:/home/cmaier/C/mrsystem/libs/cs2_parse/cs2parse.h
./.kscope/cscope.out:/home/cmaier/C/mrsystem/libs/cs2_parse/cs2ptoken.h
./.kscope/cscope.out:/home/cmaier/C/mrsystem/libs/cs2_parse/write_cs2.c
./.kscope/cscope.out:/home/cmaier/C/mrsystem/libs/cs2_parse/write_cs2.h
./.kscope/cscope.out:/home/cmaier/C/mrsystem/libs/io_fkts/io.h
./.kscope/cscope.out:/home/cmaier/C/mrsystem/libs/mr_can/accept_tcp.c
./.kscope/cscope.out:/home/cmaier/C/mrsystem/libs/mr_can/calc_hash.c
./.kscope/cscope.out:/home/cmaier/C/mrsystem/libs/mr_can/calc_hash_fnr.c
./.kscope/cscope.out:/home/cmaier/C/mrsystem/libs/mr_can/cand0000.c
./.kscope/cscope.out:/home/cmaier/C/mrsystem/libs/mr_can/cand0001.c
./.kscope/cscope.out:/home/cmaier/C/mrsystem/libs/mr_can/cand0002.c
./.kscope/cscope.out:/home/cmaier/C/mrsystem/libs/mr_can/cand0003.c
./.kscope/cscope.out:/home/cmaier/C/mrsystem/libs/mr_can/cand0004.c
./.kscope/cscope.out:/home/cmaier/C/mrsystem/libs/mr_can/cand0005.c
./.kscope/cscope.out:/home/cmaier/C/mrsystem/libs/mr_can/cand0006.c
./.kscope/cscope.out:/home/cmaier/C/mrsystem/libs/mr_can/cand0007.c
./.kscope/cscope.out:/home/cmaier/C/mrsystem/libs/mr_can/cand0008.c
./.kscope/cscope.out:/home/cmaier/C/mrsystem/libs/mr_can/cand0009.c
./.kscope/cscope.out:/home/cmaier/C/mrsystem/libs/mr_can/cand000a.c
./.kscope/cscope.out:/home/cmaier/C/mrsystem/libs/mr_can/cand000b.c
./.kscope/cscope.out:/home/cmaier/C/mrsystem/libs/mr_can/cand000c.c
./.kscope/cscope.out:/home/cmaier/C/mrsystem/libs/mr_can/cand0080.c
./.kscope/cscope.out:/home/cmaier/C/mrsystem/libs/mr_can/cand01.c
./.kscope/cscope.out:/home/cmaier/C/mrsystem/libs/mr_can/cand02.c
./.kscope/cscope.out:/home/cmaier/C/mrsystem/libs/mr_can/cand03.c
./.kscope/cscope.out:/home/cmaier/C/mrsystem/libs/mr_can/cand04.c
./.kscope/cscope.out:/home/cmaier/C/mrsystem/libs/mr_can/cand05.c
./.kscope/cscope.out:/home/cmaier/C/mrsystem/libs/mr_can/cand06.c
./.kscope/cscope.out:/home/cmaier/C/mrsystem/libs/mr_can/cand07.c
./.kscope/cscope.out:/home/cmaier/C/mrsystem/libs/mr_can/cand08.c
./.kscope/cscope.out:/home/cmaier/C/mrsystem/libs/mr_can/cand0b.c
./.kscope/cscope.out:/home/cmaier/C/mrsystem/libs/mr_can/cand10.c
./.kscope/cscope.out:/home/cmaier/C/mrsystem/libs/mr_can/cand11.c
./.kscope/cscope.out:/home/cmaier/C/mrsystem/libs/mr_can/cand18.c
./.kscope/cscope.out:/home/cmaier/C/mrsystem/libs/mr_can/cand1b.c
./.kscope/cscope.out:/home/cmaier/C/mrsystem/libs/mr_can/cand1d.c
./.kscope/cscope.out:/home/cmaier/C/mrsystem/libs/mr_can/cand20.c
./.kscope/cscope.out:/home/cmaier/C/mrsystem/libs/mr_can/cand21.c
./.kscope/cscope.out:/home/cmaier/C/mrsystem/libs/mr_can/cand30.c
./.kscope/cscope.out:/home/cmaier/C/mrsystem/libs/mr_can/cane0000.c
./.kscope/cscope.out:/home/cmaier/C/mrsystem/libs/mr_can/cane0001.c
./.kscope/cscope.out:/home/cmaier/C/mrsystem/libs/mr_can/cane0002.c
./.kscope/cscope.out:/home/cmaier/C/mrsystem/libs/mr_can/cane0003.c
./.kscope/cscope.out:/home/cmaier/C/mrsystem/libs/mr_can/cane0004.c
./.kscope/cscope.out:/home/cmaier/C/mrsystem/libs/mr_can/cane0005.c
./.kscope/cscope.out:/home/cmaier/C/mrsystem/libs/mr_can/cane0006.c
./.kscope/cscope.out:/home/cmaier/C/mrsystem/libs/mr_can/cane0007.c
./.kscope/cscope.out:/home/cmaier/C/mrsystem/libs/mr_can/cane0008.c
./.kscope/cscope.out:/home/cmaier/C/mrsystem/libs/mr_can/cane0009.c
./.kscope/cscope.out:/home/cmaier/C/mrsystem/libs/mr_can/cane000a.c
./.kscope/cscope.out:/home/cmaier/C/mrsystem/libs/mr_can/cane000b.c
./.kscope/cscope.out:/home/cmaier/C/mrsystem/libs/mr_can/cane000c.c
./.kscope/cscope.out:/home/cmaier/C/mrsystem/libs/mr_can/cane0080.c
./.kscope/cscope.out:/home/cmaier/C/mrsystem/libs/mr_can/cane01.c
./.kscope/cscope.out:/home/cmaier/C/mrsystem/libs/mr_can/cane02.c
./.kscope/cscope.out:/home/cmaier/C/mrsystem/libs/mr_can/cane03.c
./.kscope/cscope.out:/home/cmaier/C/mrsystem/libs/mr_can/cane04.c
./.kscope/cscope.out:/home/cmaier/C/mrsystem/libs/mr_can/cane05.c
./.kscope/cscope.out:/home/cmaier/C/mrsystem/libs/mr_can/cane06.c
./.kscope/cscope.out:/home/cmaier/C/mrsystem/libs/mr_can/cane07.c
./.kscope/cscope.out:/home/cmaier/C/mrsystem/libs/mr_can/cane08.c
./.kscope/cscope.out:/home/cmaier/C/mrsystem/libs/mr_can/cane0b.c
./.kscope/cscope.out:/home/cmaier/C/mrsystem/libs/mr_can/cane10.c
./.kscope/cscope.out:/home/cmaier/C/mrsystem/libs/mr_can/cane11.c
./.kscope/cscope.out:/home/cmaier/C/mrsystem/libs/mr_can/cane18.c
./.kscope/cscope.out:/home/cmaier/C/mrsystem/libs/mr_can/cane1b.c
./.kscope/cscope.out:/home/cmaier/C/mrsystem/libs/mr_can/cane1d.c
./.kscope/cscope.out:/home/cmaier/C/mrsystem/libs/mr_can/cane20.c
./.kscope/cscope.out:/home/cmaier/C/mrsystem/libs/mr_can/cane21.c
./.kscope/cscope.out:/home/cmaier/C/mrsystem/libs/mr_can/cane30.c
./.kscope/cscope.out:/home/cmaier/C/mrsystem/libs/mr_can/conn_eth.c
./.kscope/cscope.out:/home/cmaier/C/mrsystem/libs/mr_can/conn_tcp.c
./.kscope/cscope.out:/home/cmaier/C/mrsystem/libs/mr_can/crc.c
./.kscope/cscope.out:/home/cmaier/C/mrsystem/libs/mr_can/cs2_decode.c
./.kscope/cscope.out:/home/cmaier/C/mrsystem/libs/mr_can/cs2_encode.c
./.kscope/cscope.out:/home/cmaier/C/mrsystem/libs/mr_can/deceth.c
./.kscope/cscope.out:/home/cmaier/C/mrsystem/libs/mr_can/decode_id.c
./.kscope/cscope.out:/home/cmaier/C/mrsystem/libs/mr_can/enceth.c
./.kscope/cscope.out:/home/cmaier/C/mrsystem/libs/mr_can/encode_id.c
./.kscope/cscope.out:/home/cmaier/C/mrsystem/libs/mr_can/iscs2msg.c
./.kscope/cscope.out:/home/cmaier/C/mrsystem/libs/mr_can/m_cs2ms2.h
./.kscope/cscope.out:/home/cmaier/C/mrsystem/libs/mr_can/mk_bcaddr.c
./.kscope/cscope.out:/home/cmaier/C/mrsystem/libs/mr_can/mr_can.h
./.kscope/cscope.out:/home/cmaier/C/mrsystem/libs/mr_can/recveth.c
./.kscope/cscope.out:/home/cmaier/C/mrsystem/libs/mr_can/sendeth.c
./.kscope/cscope.out:/home/cmaier/C/mrsystem/libs/mr_can/sendtoeth.c
./.kscope/cscope.out:/home/cmaier/C/mrsystem/libs/mr_can/starteth.c
./.kscope/cscope.out:/home/cmaier/C/mrsystem/libs/mr_can/starteth_bc.c
./.kscope/cscope.out:/home/cmaier/C/mrsystem/libs/mr_can/starteth_tcp.c
./.kscope/cscope.out:/home/cmaier/C/mrsystem/libs/mr_can/statinfdec.c
./.kscope/cscope.out:/home/cmaier/C/mrsystem/libs/mr_can/statinfenc.c
./.kscope/cscope.out:/home/cmaier/C/mrsystem/libs/mr_can/test/main.c
./.kscope/cscope.out:/home/cmaier/C/mrsystem/libs/mr_can/trace.c
./.kscope/cscope.out:/home/cmaier/C/mrsystem/libs/mr_ipc/accept.c
./.kscope/cscope.out:/home/cmaier/C/mrsystem/libs/mr_ipc/cmd_get_acc_pos.c
./.kscope/cscope.out:/home/cmaier/C/mrsystem/libs/mr_ipc/cmd_get_can_bootldr.c
./.kscope/cscope.out:/home/cmaier/C/mrsystem/libs/mr_ipc/cmd_get_cfg_data.c
./.kscope/cscope.out:/home/cmaier/C/mrsystem/libs/mr_ipc/cmd_get_cfg_header.c
./.kscope/cscope.out:/home/cmaier/C/mrsystem/libs/mr_ipc/cmd_get_cfg_zheader.c
./.kscope/cscope.out:/home/cmaier/C/mrsystem/libs/mr_ipc/cmd_get_get_locinfo.c
./.kscope/cscope.out:/home/cmaier/C/mrsystem/libs/mr_ipc/cmd_get_get_locname.c
./.kscope/cscope.out:/home/cmaier/C/mrsystem/libs/mr_ipc/cmd_get_locomotive_dir.c
./.kscope/cscope.out:/home/cmaier/C/mrsystem/libs/mr_ipc/cmd_get_locomotive_fkt.c
./.kscope/cscope.out:/home/cmaier/C/mrsystem/libs/mr_ipc/cmd_get_locomotive_speed.c
./.kscope/cscope.out:/home/cmaier/C/mrsystem/libs/mr_ipc/cmd_get_member.c
./.kscope/cscope.out:/home/cmaier/C/mrsystem/libs/mr_ipc/cmd_get_null.c
./.kscope/cscope.out:/home/cmaier/C/mrsystem/libs/mr_ipc/cmd_get_query.c
./.kscope/cscope.out:/home/cmaier/C/mrsystem/libs/mr_ipc/cmd_get_run.c
./.kscope/cscope.out:/home/cmaier/C/mrsystem/libs/mr_ipc/cmd_get_status_data.c
./.kscope/cscope.out:/home/cmaier/C/mrsystem/libs/mr_ipc/cmd_get_status_request.c
./.kscope/cscope.out:/home/cmaier/C/mrsystem/libs/mr_ipc/cmd_get_status_size.c
./.kscope/cscope.out:/home/cmaier/C/mrsystem/libs/mr_ipc/cmd_get_system_status_val.c
./.kscope/cscope.out:/home/cmaier/C/mrsystem/libs/mr_ipc/cmd_get_track_proto.c
./.kscope/cscope.out:/home/cmaier/C/mrsystem/libs/mr_ipc/cmd_set_acc_pos.c
./.kscope/cscope.out:/home/cmaier/C/mrsystem/libs/mr_ipc/cmd_set_can_bootldr.c
./.kscope/cscope.out:/home/cmaier/C/mrsystem/libs/mr_ipc/cmd_set_cfg_data.c
./.kscope/cscope.out:/home/cmaier/C/mrsystem/libs/mr_ipc/cmd_set_cfg_header.c
./.kscope/cscope.out:/home/cmaier/C/mrsystem/libs/mr_ipc/cmd_set_cfg_zheader.c
./.kscope/cscope.out:/home/cmaier/C/mrsystem/libs/mr_ipc/cmd_set_get_locinfo.c
./.kscope/cscope.out:/home/cmaier/C/mrsystem/libs/mr_ipc/cmd_set_get_locname.c
./.kscope/cscope.out:/home/cmaier/C/mrsystem/libs/mr_ipc/cmd_set_get_member.c
./.kscope/cscope.out:/home/cmaier/C/mrsystem/libs/mr_ipc/cmd_set_locomotive_dir.c
./.kscope/cscope.out:/home/cmaier/C/mrsystem/libs/mr_ipc/cmd_set_locomotive_fkt.c
./.kscope/cscope.out:/home/cmaier/C/mrsystem/libs/mr_ipc/cmd_set_locomotive_speed.c
./.kscope/cscope.out:/home/cmaier/C/mrsystem/libs/mr_ipc/cmd_set_member.c
./.kscope/cscope.out:/home/cmaier/C/mrsystem/libs/mr_ipc/cmd_set_null.c
./.kscope/cscope.out:/home/cmaier/C/mrsystem/libs/mr_ipc/cmd_set_query.c
./.kscope/cscope.out:/home/cmaier/C/mrsystem/libs/mr_ipc/cmd_set_run.c
./.kscope/cscope.out:/home/cmaier/C/mrsystem/libs/mr_ipc/cmd_set_status_data.c
./.kscope/cscope.out:/home/cmaier/C/mrsystem/libs/mr_ipc/cmd_set_status_request.c
./.kscope/cscope.out:/home/cmaier/C/mrsystem/libs/mr_ipc/cmd_set_status_size.c
./.kscope/cscope.out:/home/cmaier/C/mrsystem/libs/mr_ipc/cmd_set_system_status_val.c
./.kscope/cscope.out:/home/cmaier/C/mrsystem/libs/mr_ipc/cmd_set_track_proto.c
./.kscope/cscope.out:/home/cmaier/C/mrsystem/libs/mr_ipc/connect.c
./.kscope/cscope.out:/home/cmaier/C/mrsystem/libs/mr_ipc/connect_if.c
./.kscope/cscope.out:/home/cmaier/C/mrsystem/libs/mr_ipc/create.c
./.kscope/cscope.out:/home/cmaier/C/mrsystem/libs/mr_ipc/decode_can.c
./.kscope/cscope.out:/home/cmaier/C/mrsystem/libs/mr_ipc/destroy.c
./.kscope/cscope.out:/home/cmaier/C/mrsystem/libs/mr_ipc/encode_can.c
./.kscope/cscope.out:/home/cmaier/C/mrsystem/libs/mr_ipc/exit.c
./.kscope/cscope.out:/home/cmaier/C/mrsystem/libs/mr_ipc/init.c
./.kscope/cscope.out:/home/cmaier/C/mrsystem/libs/mr_ipc/mr_ipc.h
./.kscope/cscope.out:/home/cmaier/C/mrsystem/libs/mr_ipc/receive.c
./.kscope/cscope.out:/home/cmaier/C/mrsystem/libs/mr_ipc/send.c
./.kscope/cscope.out:/home/cmaier/C/mrsystem/libs/mr_ipc/server.c
./.kscope/cscope.out:/home/cmaier/C/mrsystem/libs/mr_ipc/server_if.c
./.kscope/project.conf:RootPath=/home/cmaier/C/mrsystem
./.kscope/project.conf:EngineString=/home/cmaier/C/mrsystem/.kscope:-q
./.kscope/project.conf:CodebaseString=/home/cmaier/C/mrsystem/.kscope
./client_inject/.cproject:							<builder buildPath="/home/cmaier/C/mrsystem" command="make" id="cdt.managedbuild.target.gnu.builder.base.2079760726" keepEnvironmentInBuildfile="false" managedBuildOn="false" name="Gnu Make Builder" superClass="cdt.managedbuild.target.gnu.builder.base"/>
./client_inject/.cproject:									<listOptionValue builtIn="false" value="/home/cmaier/C/mrsystem/include"/>
./client_inject/.cproject:							<builder arguments="debug" buildPath="/home/cmaier/C/mrsystem" command="make" id="cdt.managedbuild.target.gnu.builder.base.858153609" keepEnvironmentInBuildfile="false" managedBuildOn="false" name="Gnu Make Builder" superClass="cdt.managedbuild.target.gnu.builder.base"/>
./client_inject/.cproject:									<listOptionValue builtIn="false" value="/home/cmaier/C/mrsystem/include"/>
./client_ms1/.cproject:							<builder buildPath="/home/cmaier/C/mrsystem" command="make" id="cdt.managedbuild.target.gnu.builder.base.990252742" keepEnvironmentInBuildfile="false" managedBuildOn="false" name="Gnu Make Builder" superClass="cdt.managedbuild.target.gnu.builder.base"/>
./client_ms1/.cproject:									<listOptionValue builtIn="false" value="/home/cmaier/C/mrsystem/include"/>
./client_ms1/.cproject:							<builder arguments="debug" buildPath="/home/cmaier/C/mrsystem" command="make" id="cdt.managedbuild.target.gnu.builder.base.1153584945" keepEnvironmentInBuildfile="false" managedBuildOn="false" name="Gnu Make Builder" superClass="cdt.managedbuild.target.gnu.builder.base"/>
./client_ms1/.cproject:									<listOptionValue builtIn="false" value="/home/cmaier/C/mrsystem/include"/>
./client_ms2/.cproject:							<builder buildPath="/home/cmaier/C/mrsystem" command="make" id="cdt.managedbuild.target.gnu.builder.base.1064795000" keepEnvironmentInBuildfile="false" managedBuildOn="false" name="Gnu Make Builder" superClass="cdt.managedbuild.target.gnu.builder.base"/>
./client_ms2/.cproject:									<listOptionValue builtIn="false" value="/home/cmaier/C/mrsystem/include"/>
./client_ms2/.cproject:							<builder arguments="debug" buildPath="/home/cmaier/C/mrsystem" command="make" id="cdt.managedbuild.target.gnu.builder.base.589388875" keepEnvironmentInBuildfile="false" managedBuildOn="false" name="Gnu Make Builder" superClass="cdt.managedbuild.target.gnu.builder.base"/>
./client_ms2/.cproject:									<listOptionValue builtIn="false" value="/home/cmaier/C/mrsystem/include"/>
./client_cs2eth/.cproject:							<builder buildPath="/home/cmaier/C/mrsystem" command="make" id="cdt.managedbuild.target.gnu.builder.base.1114391330" keepEnvironmentInBuildfile="false" managedBuildOn="false" name="Gnu Make Builder" superClass="cdt.managedbuild.target.gnu.builder.base"/>
./client_cs2eth/.cproject:									<listOptionValue builtIn="false" value="/home/cmaier/C/mrsystem/include"/>
./client_cs2eth/.cproject:							<builder buildPath="/home/cmaier/C/mrsystem" command="make" id="cdt.managedbuild.target.gnu.builder.base.321160994" keepEnvironmentInBuildfile="false" managedBuildOn="false" name="Gnu Make Builder" superClass="cdt.managedbuild.target.gnu.builder.base"/>
./client_cs2eth/.cproject:									<listOptionValue builtIn="false" value="/home/cmaier/C/mrsystem/include"/>
./client_zentrale/.cproject:							<builder arguments="debug" buildPath="/home/cmaier/C/mrsystem" command="make" id="cdt.managedbuild.target.gnu.builder.base.330302229" keepEnvironmentInBuildfile="false" managedBuildOn="false" name="Gnu Make Builder" superClass="cdt.managedbuild.target.gnu.builder.base"/>
./client_zentrale/.cproject:									<listOptionValue builtIn="false" value="/home/cmaier/C/mrsystem/include"/>
./client_zentrale/.cproject:									<listOptionValue builtIn="false" value="/home/cmaier/C/mrsystem/lib"/>
./client_zentrale/.cproject:									<listOptionValue builtIn="false" srcPrefixMapping="" srcRootPath="" value="/home/cmaier/C/mrsystem/lib/libcs2_parse.a"/>
./client_zentrale/.cproject:									<listOptionValue builtIn="false" srcPrefixMapping="" srcRootPath="" value="/home/cmaier/C/mrsystem/lib/libmr_can.a"/>
./client_zentrale/.cproject:									<listOptionValue builtIn="false" srcPrefixMapping="" srcRootPath="" value="/home/cmaier/C/mrsystem/lib/libmrconfig.a"/>
./client_zentrale/.cproject:									<listOptionValue builtIn="false" srcPrefixMapping="" srcRootPath="" value="/home/cmaier/C/mrsystem/lib/libmr_ipc.a"/>
./client_zentrale/.cproject:							<builder arguments="" buildPath="/home/cmaier/C/mrsystem" command="make" id="cdt.managedbuild.target.gnu.builder.base.989525492" keepEnvironmentInBuildfile="false" managedBuildOn="false" name="Gnu Make Builder" superClass="cdt.managedbuild.target.gnu.builder.base"/>
./client_zentrale/.cproject:									<listOptionValue builtIn="false" value="/home/cmaier/C/mrsystem/include"/>
./client_zentrale/.cproject:									<listOptionValue builtIn="false" value="/home/cmaier/C/mrsystem/lib"/>
./client_zentrale/.cproject:									<listOptionValue builtIn="false" srcPrefixMapping="" srcRootPath="" value="/home/cmaier/C/mrsystem/lib/libcs2_parse.a"/>
./client_zentrale/.cproject:									<listOptionValue builtIn="false" srcPrefixMapping="" srcRootPath="" value="/home/cmaier/C/mrsystem/lib/libmr_can.a"/>
./client_zentrale/.cproject:									<listOptionValue builtIn="false" srcPrefixMapping="" srcRootPath="" value="/home/cmaier/C/mrsystem/lib/libmrconfig.a"/>
./client_zentrale/.cproject:									<listOptionValue builtIn="false" srcPrefixMapping="" srcRootPath="" value="/home/cmaier/C/mrsystem/lib/libmr_ipc.a"/>
./.metadata/.plugins/org.eclipse.cdt.ui/client_zentrale.build.log:make[1]: Entering directory `/home/cmaier/C/mrsystem/libs'
./.metadata/.plugins/org.eclipse.cdt.ui/client_zentrale.build.log:make[2]: Entering directory `/home/cmaier/C/mrsystem/libs/cs2_parse'
./.metadata/.plugins/org.eclipse.cdt.ui/client_zentrale.build.log:make[2]: Leaving directory `/home/cmaier/C/mrsystem/libs/cs2_parse'
./.metadata/.plugins/org.eclipse.cdt.ui/client_zentrale.build.log:make[2]: Entering directory `/home/cmaier/C/mrsystem/libs/mr_can'
./.metadata/.plugins/org.eclipse.cdt.ui/client_zentrale.build.log:make[2]: Leaving directory `/home/cmaier/C/mrsystem/libs/mr_can'
./.metadata/.plugins/org.eclipse.cdt.ui/client_zentrale.build.log:make[2]: Entering directory `/home/cmaier/C/mrsystem/libs/mr_ipc'
./.metadata/.plugins/org.eclipse.cdt.ui/client_zentrale.build.log:make[2]: Leaving directory `/home/cmaier/C/mrsystem/libs/mr_ipc'
./.metadata/.plugins/org.eclipse.cdt.ui/client_zentrale.build.log:make[2]: Entering directory `/home/cmaier/C/mrsystem/libs/config'
./.metadata/.plugins/org.eclipse.cdt.ui/client_zentrale.build.log:make[2]: Leaving directory `/home/cmaier/C/mrsystem/libs/config'
./.metadata/.plugins/org.eclipse.cdt.ui/client_zentrale.build.log:make[1]: Leaving directory `/home/cmaier/C/mrsystem/libs'
./.metadata/.plugins/org.eclipse.cdt.ui/client_zentrale.build.log:make[1]: Entering directory `/home/cmaier/C/mrsystem/client_cs2sl'
./.metadata/.plugins/org.eclipse.cdt.ui/client_zentrale.build.log:make[1]: Leaving directory `/home/cmaier/C/mrsystem/client_cs2sl'
./.metadata/.plugins/org.eclipse.cdt.ui/client_zentrale.build.log:make[1]: Entering directory `/home/cmaier/C/mrsystem/client_cs2eth'
./.metadata/.plugins/org.eclipse.cdt.ui/client_zentrale.build.log:make[1]: Leaving directory `/home/cmaier/C/mrsystem/client_cs2eth'
./.metadata/.plugins/org.eclipse.cdt.ui/client_zentrale.build.log:make[1]: Entering directory `/home/cmaier/C/mrsystem/client_inject'
./.metadata/.plugins/org.eclipse.cdt.ui/client_zentrale.build.log:make[1]: Leaving directory `/home/cmaier/C/mrsystem/client_inject'
./.metadata/.plugins/org.eclipse.cdt.ui/client_zentrale.build.log:make[1]: Entering directory `/home/cmaier/C/mrsystem/client_log'
./.metadata/.plugins/org.eclipse.cdt.ui/client_zentrale.build.log:make[1]: Leaving directory `/home/cmaier/C/mrsystem/client_log'
./.metadata/.plugins/org.eclipse.cdt.ui/client_zentrale.build.log:make[1]: Entering directory `/home/cmaier/C/mrsystem/client_logms2'
./.metadata/.plugins/org.eclipse.cdt.ui/client_zentrale.build.log:make[1]: Leaving directory `/home/cmaier/C/mrsystem/client_logms2'
./.metadata/.plugins/org.eclipse.cdt.ui/client_zentrale.build.log:make[1]: Entering directory `/home/cmaier/C/mrsystem/client_ms2'
./.metadata/.plugins/org.eclipse.cdt.ui/client_zentrale.build.log:make[1]: Leaving directory `/home/cmaier/C/mrsystem/client_ms2'
./.metadata/.plugins/org.eclipse.cdt.ui/client_zentrale.build.log:make[1]: Entering directory `/home/cmaier/C/mrsystem/client_cc'
./.metadata/.plugins/org.eclipse.cdt.ui/client_zentrale.build.log:make[1]: Leaving directory `/home/cmaier/C/mrsystem/client_cc'
./.metadata/.plugins/org.eclipse.cdt.ui/client_zentrale.build.log:make[1]: Entering directory `/home/cmaier/C/mrsystem/client_slcan'
./.metadata/.plugins/org.eclipse.cdt.ui/client_zentrale.build.log:make[1]: Leaving directory `/home/cmaier/C/mrsystem/client_slcan'
./.metadata/.plugins/org.eclipse.cdt.ui/client_zentrale.build.log:make[1]: Entering directory `/home/cmaier/C/mrsystem/client_gpios88'
./.metadata/.plugins/org.eclipse.cdt.ui/client_zentrale.build.log:make[1]: Leaving directory `/home/cmaier/C/mrsystem/client_gpios88'
./.metadata/.plugins/org.eclipse.cdt.ui/client_zentrale.build.log:make[1]: Entering directory `/home/cmaier/C/mrsystem/client_zentrale'
./.metadata/.plugins/org.eclipse.cdt.ui/client_zentrale.build.log:make[1]: Leaving directory `/home/cmaier/C/mrsystem/client_zentrale'
./.metadata/.plugins/org.eclipse.cdt.ui/client_zentrale.build.log:make[1]: Entering directory `/home/cmaier/C/mrsystem/drehscheibe'
./.metadata/.plugins/org.eclipse.cdt.ui/client_zentrale.build.log:make[1]: Leaving directory `/home/cmaier/C/mrsystem/drehscheibe'
./.metadata/.plugins/org.eclipse.cdt.ui/global-build.log:make[1]: Entering directory `/home/cmaier/C/mrsystem/client_cc'
./.metadata/.plugins/org.eclipse.cdt.ui/global-build.log:make[1]: Leaving directory `/home/cmaier/C/mrsystem/client_cc'
./.metadata/.plugins/org.eclipse.cdt.ui/global-build.log:make[1]: Entering directory `/home/cmaier/C/mrsystem/client_cs2sl'
./.metadata/.plugins/org.eclipse.cdt.ui/global-build.log:make[1]: Leaving directory `/home/cmaier/C/mrsystem/client_cs2sl'
./.metadata/.plugins/org.eclipse.cdt.ui/global-build.log:make[1]: Entering directory `/home/cmaier/C/mrsystem/client_cs2eth'
./.metadata/.plugins/org.eclipse.cdt.ui/global-build.log:make[1]: Leaving directory `/home/cmaier/C/mrsystem/client_cs2eth'
./.metadata/.plugins/org.eclipse.cdt.ui/global-build.log:make[1]: Entering directory `/home/cmaier/C/mrsystem/client_slcan'
./.metadata/.plugins/org.eclipse.cdt.ui/global-build.log:make[1]: Leaving directory `/home/cmaier/C/mrsystem/client_slcan'
./.metadata/.plugins/org.eclipse.cdt.ui/global-build.log:make[1]: Entering directory `/home/cmaier/C/mrsystem/client_gpios88'
./.metadata/.plugins/org.eclipse.cdt.ui/global-build.log:make[1]: Leaving directory `/home/cmaier/C/mrsystem/client_gpios88'
./.metadata/.plugins/org.eclipse.cdt.ui/global-build.log:make[1]: Entering directory `/home/cmaier/C/mrsystem/client_inject'
./.metadata/.plugins/org.eclipse.cdt.ui/global-build.log:make[1]: Leaving directory `/home/cmaier/C/mrsystem/client_inject'
./.metadata/.plugins/org.eclipse.cdt.ui/global-build.log:make[1]: Entering directory `/home/cmaier/C/mrsystem/client_log'
./.metadata/.plugins/org.eclipse.cdt.ui/global-build.log:make[1]: Leaving directory `/home/cmaier/C/mrsystem/client_log'
./.metadata/.plugins/org.eclipse.cdt.ui/global-build.log:make[1]: Entering directory `/home/cmaier/C/mrsystem/client_ms1'
./.metadata/.plugins/org.eclipse.cdt.ui/global-build.log:make[1]: Leaving directory `/home/cmaier/C/mrsystem/client_ms1'
./.metadata/.plugins/org.eclipse.cdt.ui/global-build.log:make[1]: Entering directory `/home/cmaier/C/mrsystem/client_ms2'
./.metadata/.plugins/org.eclipse.cdt.ui/global-build.log:make[1]: Leaving directory `/home/cmaier/C/mrsystem/client_ms2'
./.metadata/.plugins/org.eclipse.cdt.ui/global-build.log:make[1]: Entering directory `/home/cmaier/C/mrsystem/client_logms2'
./.metadata/.plugins/org.eclipse.cdt.ui/global-build.log:make[1]: Leaving directory `/home/cmaier/C/mrsystem/client_logms2'
./.metadata/.plugins/org.eclipse.cdt.ui/global-build.log:make[1]: Entering directory `/home/cmaier/C/mrsystem/client_zentrale'
./.metadata/.plugins/org.eclipse.cdt.ui/global-build.log:make[1]: Leaving directory `/home/cmaier/C/mrsystem/client_zentrale'
./.metadata/.plugins/org.eclipse.cdt.ui/global-build.log:make[1]: Entering directory `/home/cmaier/C/mrsystem/drehscheibe'
./.metadata/.plugins/org.eclipse.cdt.ui/global-build.log:make[1]: Leaving directory `/home/cmaier/C/mrsystem/drehscheibe'
./.metadata/.plugins/org.eclipse.cdt.ui/global-build.log:make[1]: Entering directory `/home/cmaier/C/mrsystem/libs'
./.metadata/.plugins/org.eclipse.cdt.ui/global-build.log:make[2]: Entering directory `/home/cmaier/C/mrsystem/libs/cs2_parse'
./.metadata/.plugins/org.eclipse.cdt.ui/global-build.log:make[2]: Leaving directory `/home/cmaier/C/mrsystem/libs/cs2_parse'
./.metadata/.plugins/org.eclipse.cdt.ui/global-build.log:make[2]: Entering directory `/home/cmaier/C/mrsystem/libs/mr_can'
./.metadata/.plugins/org.eclipse.cdt.ui/global-build.log:make[2]: Leaving directory `/home/cmaier/C/mrsystem/libs/mr_can'
./.metadata/.plugins/org.eclipse.cdt.ui/global-build.log:make[2]: Entering directory `/home/cmaier/C/mrsystem/libs/mr_ipc'
./.metadata/.plugins/org.eclipse.cdt.ui/global-build.log:make[2]: Leaving directory `/home/cmaier/C/mrsystem/libs/mr_ipc'
./.metadata/.plugins/org.eclipse.cdt.ui/global-build.log:make[2]: Entering directory `/home/cmaier/C/mrsystem/libs/config'
./.metadata/.plugins/org.eclipse.cdt.ui/global-build.log:make[2]: Leaving directory `/home/cmaier/C/mrsystem/libs/config'
./.metadata/.plugins/org.eclipse.cdt.ui/global-build.log:make[1]: Leaving directory `/home/cmaier/C/mrsystem/libs'
./.metadata/.plugins/org.eclipse.cdt.ui/global-build.log:make[1]: Entering directory `/home/cmaier/C/mrsystem/libs'
./.metadata/.plugins/org.eclipse.cdt.ui/global-build.log:make[2]: Entering directory `/home/cmaier/C/mrsystem/libs/cs2_parse'
./.metadata/.plugins/org.eclipse.cdt.ui/global-build.log:make[2]: Leaving directory `/home/cmaier/C/mrsystem/libs/cs2_parse'
./.metadata/.plugins/org.eclipse.cdt.ui/global-build.log:make[2]: Entering directory `/home/cmaier/C/mrsystem/libs/mr_can'
./.metadata/.plugins/org.eclipse.cdt.ui/global-build.log:make[2]: Leaving directory `/home/cmaier/C/mrsystem/libs/mr_can'
./.metadata/.plugins/org.eclipse.cdt.ui/global-build.log:make[2]: Entering directory `/home/cmaier/C/mrsystem/libs/mr_ipc'
./.metadata/.plugins/org.eclipse.cdt.ui/global-build.log:make[2]: Leaving directory `/home/cmaier/C/mrsystem/libs/mr_ipc'
./.metadata/.plugins/org.eclipse.cdt.ui/global-build.log:make[2]: Entering directory `/home/cmaier/C/mrsystem/libs/config'
./.metadata/.plugins/org.eclipse.cdt.ui/global-build.log:make[2]: Leaving directory `/home/cmaier/C/mrsystem/libs/config'
./.metadata/.plugins/org.eclipse.cdt.ui/global-build.log:make[1]: Leaving directory `/home/cmaier/C/mrsystem/libs'
./.metadata/.plugins/org.eclipse.cdt.ui/global-build.log:make[1]: Entering directory `/home/cmaier/C/mrsystem/client_cs2sl'
./.metadata/.plugins/org.eclipse.cdt.ui/global-build.log:make[1]: Leaving directory `/home/cmaier/C/mrsystem/client_cs2sl'
./.metadata/.plugins/org.eclipse.cdt.ui/global-build.log:make[1]: Entering directory `/home/cmaier/C/mrsystem/client_cs2eth'
./.metadata/.plugins/org.eclipse.cdt.ui/global-build.log:make[1]: Leaving directory `/home/cmaier/C/mrsystem/client_cs2eth'
./.metadata/.plugins/org.eclipse.cdt.ui/global-build.log:make[1]: Entering directory `/home/cmaier/C/mrsystem/client_inject'
./.metadata/.plugins/org.eclipse.cdt.ui/global-build.log:make[1]: Leaving directory `/home/cmaier/C/mrsystem/client_inject'
./.metadata/.plugins/org.eclipse.cdt.ui/global-build.log:make[1]: Entering directory `/home/cmaier/C/mrsystem/client_log'
./.metadata/.plugins/org.eclipse.cdt.ui/global-build.log:make[1]: Leaving directory `/home/cmaier/C/mrsystem/client_log'
./.metadata/.plugins/org.eclipse.cdt.ui/global-build.log:make[1]: Entering directory `/home/cmaier/C/mrsystem/client_logms2'
./.metadata/.plugins/org.eclipse.cdt.ui/global-build.log:make[1]: Leaving directory `/home/cmaier/C/mrsystem/client_logms2'
./.metadata/.plugins/org.eclipse.cdt.ui/global-build.log:make[1]: Entering directory `/home/cmaier/C/mrsystem/client_ms2'
./.metadata/.plugins/org.eclipse.cdt.ui/global-build.log:make[1]: Leaving directory `/home/cmaier/C/mrsystem/client_ms2'
./.metadata/.plugins/org.eclipse.cdt.ui/global-build.log:make[1]: Entering directory `/home/cmaier/C/mrsystem/client_cc'
./.metadata/.plugins/org.eclipse.cdt.ui/global-build.log:make[1]: Leaving directory `/home/cmaier/C/mrsystem/client_cc'
./.metadata/.plugins/org.eclipse.cdt.ui/global-build.log:make[1]: Entering directory `/home/cmaier/C/mrsystem/client_slcan'
./.metadata/.plugins/org.eclipse.cdt.ui/global-build.log:make[1]: Leaving directory `/home/cmaier/C/mrsystem/client_slcan'
./.metadata/.plugins/org.eclipse.cdt.ui/global-build.log:make[1]: Entering directory `/home/cmaier/C/mrsystem/client_gpios88'
./.metadata/.plugins/org.eclipse.cdt.ui/global-build.log:make[1]: Leaving directory `/home/cmaier/C/mrsystem/client_gpios88'
./.metadata/.plugins/org.eclipse.cdt.ui/global-build.log:make[1]: Entering directory `/home/cmaier/C/mrsystem/client_zentrale'
./.metadata/.plugins/org.eclipse.cdt.ui/global-build.log:make[1]: Leaving directory `/home/cmaier/C/mrsystem/client_zentrale'
./.metadata/.plugins/org.eclipse.cdt.ui/global-build.log:make[1]: Entering directory `/home/cmaier/C/mrsystem/drehscheibe'
./.metadata/.plugins/org.eclipse.cdt.ui/global-build.log:make[1]: Leaving directory `/home/cmaier/C/mrsystem/drehscheibe'
Binary file ./.metadata/.plugins/org.eclipse.cdt.core/drehscheibe.1477160961523.pdom matches
Binary file ./.metadata/.plugins/org.eclipse.cdt.core/client_cc.1477162857292.pdom matches
Binary file ./.metadata/.plugins/org.eclipse.cdt.core/client_ms1.1477163238870.pdom matches
Binary file ./.metadata/.plugins/org.eclipse.cdt.core/client_cs2eth.1477159747352.pdom matches
Binary file ./.metadata/.plugins/org.eclipse.cdt.core/client_logms2.1477162110905.pdom matches
Binary file ./.metadata/.plugins/org.eclipse.cdt.core/client_log.1477161795534.pdom matches
Binary file ./.metadata/.plugins/org.eclipse.cdt.core/client_ms2.1477160476315.pdom matches
Binary file ./.metadata/.plugins/org.eclipse.cdt.core/client_zentrale.1477159034485.pdom matches
Binary file ./.metadata/.plugins/org.eclipse.cdt.core/client_logeth.1483119038098.pdom matches
Binary file ./.metadata/.plugins/org.eclipse.cdt.core/client_cs2sl.1477162413845.pdom matches
Binary file ./.metadata/.plugins/org.eclipse.cdt.core/client_inject.1477163066207.pdom matches
./.metadata/.plugins/org.eclipse.core.runtime/.settings/org.eclipse.cdt.ui.prj-lib-mr_can.prefs:buildConsole/logLocation=/home/cmaier/C/mrsystem/.metadata/.plugins/org.eclipse.cdt.ui/lib-mr_can.build.log
./.metadata/.plugins/org.eclipse.core.runtime/.settings/org.eclipse.cdt.ui.prj-drehscheibe.prefs:buildConsole/logLocation=/home/cmaier/C/mrsystem/.metadata/.plugins/org.eclipse.cdt.ui/drehscheibe.build.log
./.metadata/.plugins/org.eclipse.core.runtime/.settings/org.eclipse.cdt.ui.prj-client_zentrale.prefs:buildConsole/logLocation=/home/cmaier/C/mrsystem/.metadata/.plugins/org.eclipse.cdt.ui/client_zentrale.build.log
Binary file ./.metadata/.plugins/org.eclipse.core.resources/.projects/lib.mr_can/.location matches
Binary file ./.metadata/.plugins/org.eclipse.core.resources/.projects/lib.mr_ipc/.location matches
Binary file ./.metadata/.plugins/org.eclipse.core.resources/.projects/lib.cs2_parse/.location matches
Binary file ./.metadata/.plugins/org.eclipse.core.resources/.projects/lib.config/.location matches
./.metadata/.plugins/org.eclipse.ui.ide/dialog_settings.xml:		<item value="/home/cmaier/C/mrsystem/client_tty" key="OUTSIDE_LOCATION"/>
./.metadata/.log:Command-line arguments:  -os linux -ws gtk -arch x86 -data /home/cmaier/C/mrsystem
./.metadata/.log:Command-line arguments:  -os linux -ws gtk -arch x86 -data /home/cmaier/C/mrsystem
./.metadata/.log:!MESSAGE /home/cmaier/C/mrsystem/client_zentrale overlaps the location of another project: 'client_zentrale'
./.metadata/.log:!MESSAGE /home/cmaier/C/mrsystem/client_zentrale overlaps the location of another project: 'client_zentrale'
./.metadata/.log:Command-line arguments:  -os linux -ws gtk -arch x86 -data /home/cmaier/C/mrsystem
./.metadata/.log:Command-line arguments:  -os linux -ws gtk -arch x86 -data /home/cmaier/C/mrsystem
./drehscheibe/.cproject:							<builder buildPath="/home/cmaier/C/mrsystem" command="make" id="cdt.managedbuild.target.gnu.builder.base.599834642" keepEnvironmentInBuildfile="false" managedBuildOn="false" name="Gnu Make Builder" superClass="cdt.managedbuild.target.gnu.builder.base"/>
./drehscheibe/.cproject:									<listOptionValue builtIn="false" value="/home/cmaier/C/mrsystem/include"/>
./drehscheibe/.cproject:							<builder arguments="debug" buildPath="/home/cmaier/C/mrsystem" command="make" id="cdt.managedbuild.target.gnu.builder.base.563772471" keepEnvironmentInBuildfile="false" managedBuildOn="false" name="Gnu Make Builder" superClass="cdt.managedbuild.target.gnu.builder.base"/>
./drehscheibe/.cproject:									<listOptionValue builtIn="false" value="/home/cmaier/C/mrsystem/include"/>
./client_injectipc/.cproject:							<builder buildPath="/home/cmaier/C/mrsystem" command="make" id="cdt.managedbuild.target.gnu.builder.base.2079760726" keepEnvironmentInBuildfile="false" managedBuildOn="false" name="Gnu Make Builder" superClass="cdt.managedbuild.target.gnu.builder.base"/>
./client_injectipc/.cproject:									<listOptionValue builtIn="false" value="/home/cmaier/C/mrsystem/include"/>
./client_injectipc/.cproject:							<builder arguments="debug" buildPath="/home/cmaier/C/mrsystem" command="make" id="cdt.managedbuild.target.gnu.builder.base.858153609" keepEnvironmentInBuildfile="false" managedBuildOn="false" name="Gnu Make Builder" superClass="cdt.managedbuild.target.gnu.builder.base"/>
./client_injectipc/.cproject:									<listOptionValue builtIn="false" value="/home/cmaier/C/mrsystem/include"/>
./client_cs2sl/.cproject:							<builder buildPath="/home/cmaier/C/mrsystem" command="make" id="cdt.managedbuild.target.gnu.builder.base.1979814038" keepEnvironmentInBuildfile="false" managedBuildOn="false" name="Gnu Make Builder" superClass="cdt.managedbuild.target.gnu.builder.base"/>
./client_cs2sl/.cproject:									<listOptionValue builtIn="false" value="/home/cmaier/C/mrsystem/include"/>
./client_cs2sl/.cproject:							<builder buildPath="/home/cmaier/C/mrsystem" command="make" id="cdt.managedbuild.target.gnu.builder.base.1431622210" keepEnvironmentInBuildfile="false" managedBuildOn="false" name="Gnu Make Builder" superClass="cdt.managedbuild.target.gnu.builder.base"/>
./client_cs2sl/.cproject:									<listOptionValue builtIn="false" value="/home/cmaier/C/mrsystem/include"/>
./client_cc/.cproject:							<builder buildPath="/home/cmaier/C/mrsystem" command="make" id="cdt.managedbuild.target.gnu.builder.base.604635596" keepEnvironmentInBuildfile="false" managedBuildOn="false" name="Gnu Make Builder" superClass="cdt.managedbuild.target.gnu.builder.base"/>
./client_cc/.cproject:									<listOptionValue builtIn="false" value="/home/cmaier/C/mrsystem/include"/>
./client_cc/.cproject:							<builder arguments="debug" buildPath="/home/cmaier/C/mrsystem" command="make" id="cdt.managedbuild.target.gnu.builder.base.54822092" keepEnvironmentInBuildfile="false" managedBuildOn="false" name="Gnu Make Builder" superClass="cdt.managedbuild.target.gnu.builder.base"/>
./client_cc/.cproject:									<listOptionValue builtIn="false" value="/home/cmaier/C/mrsystem/include"/>
./libs/config/.cproject:							<builder arguments="clean_link ; make debug" buildPath="/home/cmaier/C/mrsystem" command="make" id="cdt.managedbuild.target.gnu.builder.lib.debug.444754667" keepEnvironmentInBuildfile="false" managedBuildOn="false" name="Gnu Make Builder" superClass="cdt.managedbuild.target.gnu.builder.lib.debug"/>
./libs/config/.cproject:							<builder arguments="clean_link ; make" buildPath="/home/cmaier/C/mrsystem" command="make" id="cdt.managedbuild.target.gnu.builder.lib.release.380073640" keepEnvironmentInBuildfile="false" managedBuildOn="false" name="Gnu Make Builder" superClass="cdt.managedbuild.target.gnu.builder.lib.release"/>
./libs/config/Doxyfile:INPUT                  = /home/cmaier/C/mrsystem/libs/config
./libs/mr_ipchl/Doxyfile:INPUT                  = /home/cmaier/C/mrsystem/libs/mr_ipchl
./libs/srcp/Doxyfile:INPUT                  = /home/cmaier/C/mrsystem/libs/srcp
./libs/io_fkts/Doxyfile:INPUT                  = /home/cmaier/C/mrsystem/libs/io_fkts
./libs/uci/Doxyfile:INPUT                  = /home/cmaier/C/mrsystem/libs/uci
./libs/mr_cs2ms2/Doxyfile:INPUT                  = /home/cmaier/C/mrsystem/libs/mr_cs2ms2
./libs/mr_ipc/.cproject:							<builder arguments="clean_link ; make" buildPath="/home/cmaier/C/mrsystem" command="make" id="cdt.managedbuild.target.gnu.builder.base.575960414" keepEnvironmentInBuildfile="false" managedBuildOn="false" name="Gnu Make Builder" superClass="cdt.managedbuild.target.gnu.builder.base"/>
./libs/mr_ipc/.cproject:							<builder arguments="clean_link ; make debug" buildPath="/home/cmaier/C/mrsystem" command="make" id="cdt.managedbuild.builder.gnu.cross.775224444" keepEnvironmentInBuildfile="false" managedBuildOn="false" name="Gnu Make Builder" superClass="cdt.managedbuild.builder.gnu.cross"/>
./libs/mr_ipc/Doxyfile:INPUT                  = /home/cmaier/C/mrsystem/libs/mr_ipc
./libs/cs2_parse/.cproject:							<builder arguments="clean_link ; make debug" buildPath="/home/cmaier/C/mrsystem" command="make" id="cdt.managedbuild.builder.gnu.cross.746253240" keepEnvironmentInBuildfile="false" managedBuildOn="false" name="Gnu Make Builder" superClass="cdt.managedbuild.builder.gnu.cross"/>
./libs/cs2_parse/.cproject:							<builder arguments="clean_link ; make" buildPath="/home/cmaier/C/mrsystem" command="make" id="cdt.managedbuild.target.gnu.builder.base.75862606" keepEnvironmentInBuildfile="false" managedBuildOn="false" name="Gnu Make Builder" superClass="cdt.managedbuild.target.gnu.builder.base"/>
./libs/cs2_parse/Doxyfile:INPUT                  = /home/cmaier/C/mrsystem/libs/cs2_parse
./libs/cs2/Doxyfile:INPUT                  = /home/cmaier/C/mrsystem/libs/cs2
